2018/06/05 14:33:00 [INFO] Created default configuration file at /etc/hyperledger/fabric-ca/fabric-ca-server-config.yaml
2018/06/05 14:33:00 [INFO] Server Version: 1.1.0
2018/06/05 14:33:00 [INFO] Server Levels: &{Identity:1 Affiliation:1 Certificate:1}
2018/06/05 14:33:00 [DEBUG] Making server filenames absolute
2018/06/05 14:33:00 [DEBUG] Initializing default CA in directory /etc/hyperledger/fabric-ca
2018/06/05 14:33:00 [DEBUG] Init CA with home /etc/hyperledger/fabric-ca and config {Version:1.1.0 Cfg:{Identities:{AllowRemove:false} Affiliations:{AllowRemove:false}} CA:{Name: Keyfile: Certfile:ca-cert.pem Chainfile:ca-chain.pem} Signing:0xc4202dd760 CSR:{CN:ca-org-weihai Names:[{C:US ST:North Carolina L: O:Hyperledger OU:Fabric SerialNumber:}] Hosts:[ca-org-weihai] KeyRequest:<nil> CA:0xc4202f4000 SerialNumber:} Registry:{MaxEnrollments:-1 Identities:[{ Name:**** Pass:**** Type:client Affiliation: MaxEnrollments:0 Attrs:map[hf.GenCRL:1 hf.Registrar.Attributes:* hf.AffiliationMgr:1 hf.Registrar.Roles:peer,orderer,client,user hf.Registrar.DelegateRoles:peer,orderer,client,user hf.Revoker:1 hf.IntermediateCA:1]  }]} Affiliations:map[org2:[department1] org1:[department1 department2]] LDAP:{ Enabled:false URL:ldap://****:****@<host>:<port>/<base> UserFilter:(uid=%s) GroupFilter:(memberUid=%s) Attribute:{[uid member] [{ }] map[groups:[{ }]]} TLS:{false [] { }}  } DB:{ Type:sqlite3 Datasource:fabric-ca-server.db TLS:{false [] { }}  } CSP:0xc4202b7590 Client:<nil> Intermediate:{ParentServer:{ URL: CAName:  } TLS:{Enabled:false CertFiles:[] Client:{KeyFile: CertFile:}} Enrollment:{ Name: Secret:**** Profile: Label: CSR:<nil> CAName: AttrReqs:[]  }} CRL:{Expiry:24h0m0s}}
2018/06/05 14:33:00 [DEBUG] CA Home Directory: /etc/hyperledger/fabric-ca
2018/06/05 14:33:00 [DEBUG] Checking configuration file version '1.1.0' against server version: '1.1.0'
2018/06/05 14:33:00 [DEBUG] Initializing BCCSP: &{ProviderName:SW SwOpts:0xc4202b75f0 PluginOpts:<nil> Pkcs11Opts:<nil>}
2018/06/05 14:33:00 [DEBUG] Initializing BCCSP with software options &{SecLevel:256 HashFamily:SHA2 Ephemeral:false FileKeystore:0xc4202f61f0 DummyKeystore:<nil>}
2018/06/05 14:33:00 [DEBUG] Initialize key material
2018/06/05 14:33:00 [DEBUG] Making CA filenames absolute
2018/06/05 14:33:00 [DEBUG] Root CA certificate request: {CN:ca-org-weihai Names:[{C:US ST:North Carolina L: O:Hyperledger OU:Fabric SerialNumber:}] Hosts:[ca-org-weihai] KeyRequest:0xc4202f4520 CA:0xc4202f4000 SerialNumber:}
2018/06/05 14:33:00 [INFO] generating key: &{A:ecdsa S:256}
2018/06/05 14:33:00 [DEBUG] generate key from request: algo=ecdsa, size=256
2018/06/05 14:33:00 [INFO] encoded CSR
2018/06/05 14:33:00 [DEBUG] validating configuration
2018/06/05 14:33:00 [DEBUG] validate local profile
2018/06/05 14:33:00 [DEBUG] profile is valid
2018/06/05 14:33:00 [INFO] signed certificate with serial number 130539288328208816782989977047352061905178979301
2018/06/05 14:33:00 [INFO] The CA key and certificate were generated for CA 
2018/06/05 14:33:00 [INFO] The key was stored by BCCSP provider 'SW'
2018/06/05 14:33:00 [INFO] The certificate is at: /etc/hyperledger/fabric-ca/ca-cert.pem
2018/06/05 14:33:00 [DEBUG] Initializing DB
2018/06/05 14:33:00 [DEBUG] Initializing 'sqlite3' database at '/etc/hyperledger/fabric-ca/fabric-ca-server.db'
2018/06/05 14:33:00 [DEBUG] Using sqlite database, connect to database in home (/etc/hyperledger/fabric-ca/fabric-ca-server.db) directory
2018/06/05 14:33:00 [DEBUG] Creating SQLite database (/etc/hyperledger/fabric-ca/fabric-ca-server.db) if it does not exist...
2018/06/05 14:33:00 [DEBUG] Creating users table if it does not exist
2018/06/05 14:33:00 [DEBUG] Creating affiliations table if it does not exist
2018/06/05 14:33:00 [DEBUG] Creating certificates table if it does not exist
2018/06/05 14:33:00 [DEBUG] Creating properties table if it does not exist
2018/06/05 14:33:00 [DEBUG] Successfully opened sqlite3 DB
2018/06/05 14:33:00 [DEBUG] Checking database schema...
2018/06/05 14:33:00 [DEBUG] Update SQLite schema, if using outdated schema
2018/06/05 14:33:00 [DEBUG] Upgrade identities table
2018/06/05 14:33:00 [DEBUG] Creating users table if it does not exist
2018/06/05 14:33:00 [DEBUG] Upgrade affiliation table
2018/06/05 14:33:00 [DEBUG] Creating affiliations table if it does not exist
2018/06/05 14:33:00 [DEBUG] Upgrade certificates table
2018/06/05 14:33:00 [DEBUG] Creating certificates table if it does not exist
2018/06/05 14:33:00 [DEBUG] Initializing identity registry
2018/06/05 14:33:00 [DEBUG] Initialized DB identity registry
2018/06/05 14:33:00 [DEBUG] DB: Get properties [identity.level affiliation.level certificate.level]
2018/06/05 14:33:00 [DEBUG] Checking database levels 'map[affiliation.level:0 certificate.level:0 identity.level:0]' against server levels '&{Identity:1 Affiliation:1 Certificate:1}'
2018/06/05 14:33:00 [DEBUG] Loading identity table
2018/06/05 14:33:00 [DEBUG] Loading identity 'ca-org-weihai-admin'
2018/06/05 14:33:00 [DEBUG] DB: Getting identity ca-org-weihai-admin
2018/06/05 14:33:00 [DEBUG] Max enrollment value verification - User specified max enrollment: 0, CA max enrollment: -1
2018/06/05 14:33:00 [DEBUG] DB: Add identity ca-org-weihai-admin
2018/06/05 14:33:00 [DEBUG] Successfully added identity ca-org-weihai-admin to the database
2018/06/05 14:33:00 [DEBUG] Registered identity: { Name:**** Pass:**** Type:client Affiliation: MaxEnrollments:-1 Attrs:map[hf.Registrar.Roles:peer,orderer,client,user hf.Registrar.DelegateRoles:peer,orderer,client,user hf.Revoker:1 hf.IntermediateCA:1 hf.GenCRL:1 hf.Registrar.Attributes:* hf.AffiliationMgr:1]  }
2018/06/05 14:33:00 [DEBUG] Successfully loaded identity table
2018/06/05 14:33:00 [DEBUG] Loading affiliations table
2018/06/05 14:33:00 [DEBUG] DB: Add affiliation org1
2018/06/05 14:33:00 [DEBUG] Affiliation 'org1' added
2018/06/05 14:33:00 [DEBUG] DB: Add affiliation org1.department1
2018/06/05 14:33:00 [DEBUG] Affiliation 'org1.department1' added
2018/06/05 14:33:00 [DEBUG] DB: Add affiliation org1.department2
2018/06/05 14:33:00 [DEBUG] Affiliation 'org1.department2' added
2018/06/05 14:33:00 [DEBUG] DB: Add affiliation org2
2018/06/05 14:33:00 [DEBUG] Affiliation 'org2' added
2018/06/05 14:33:00 [DEBUG] DB: Add affiliation org2.department1
2018/06/05 14:33:00 [DEBUG] Affiliation 'org2.department1' added
2018/06/05 14:33:00 [DEBUG] Successfully loaded affiliations table
2018/06/05 14:33:00 [DEBUG] Checking and performing migration, if needed
2018/06/05 14:33:00 [DEBUG] Updating database level to &{Identity:1 Affiliation:1 Certificate:1}
2018/06/05 14:33:00 [INFO] Initialized sqlite3 database at /etc/hyperledger/fabric-ca/fabric-ca-server.db
2018/06/05 14:33:00 [DEBUG] Initializing enrollment signer
2018/06/05 14:33:00 [DEBUG] validating configuration
2018/06/05 14:33:00 [DEBUG] validate local profile
2018/06/05 14:33:00 [DEBUG] profile is valid
2018/06/05 14:33:00 [DEBUG] validate local profile
2018/06/05 14:33:00 [DEBUG] profile is valid
2018/06/05 14:33:00 [DEBUG] validate local profile
2018/06/05 14:33:00 [DEBUG] profile is valid
2018/06/05 14:33:00 [DEBUG] CA initialization successful
2018/06/05 14:33:00 [INFO] Home directory for default CA: /etc/hyperledger/fabric-ca
2018/06/05 14:33:00 [DEBUG] Closing server DBs
2018/06/05 14:33:00 [INFO] Initialization was successful
aff: \n   org-order: []\n   org-rockontrol: []\n   org-weihai: []
2018/06/05 14:33:00 [INFO] Configuration file location: /etc/hyperledger/fabric-ca/fabric-ca-server-config.yaml
2018/06/05 14:33:00 [INFO] Starting server in home directory: /etc/hyperledger/fabric-ca
2018/06/05 14:33:00 [INFO] Server Version: 1.1.0
2018/06/05 14:33:00 [INFO] Server Levels: &{Identity:1 Affiliation:1 Certificate:1}
2018/06/05 14:33:00 [DEBUG] Making server filenames absolute
2018/06/05 14:33:00 [DEBUG] Initializing default CA in directory /etc/hyperledger/fabric-ca
2018/06/05 14:33:00 [DEBUG] Init CA with home /etc/hyperledger/fabric-ca and config {Version:1.1.0 Cfg:{Identities:{AllowRemove:false} Affiliations:{AllowRemove:false}} CA:{Name: Keyfile: Certfile:ca-cert.pem Chainfile:ca-chain.pem} Signing:0xc4202c42b0 CSR:{CN:ca-org-weihai Names:[{C:US ST:North Carolina L: O:Hyperledger OU:Fabric SerialNumber:}] Hosts:[ca-org-weihai] KeyRequest:<nil> CA:0xc42026cc00 SerialNumber:} Registry:{MaxEnrollments:-1 Identities:[{ Name:**** Pass:**** Type:client Affiliation: MaxEnrollments:0 Attrs:map[hf.GenCRL:1 hf.Registrar.Attributes:* hf.AffiliationMgr:1 hf.Registrar.Roles:peer,orderer,client,user hf.Registrar.DelegateRoles:peer,orderer,client,user hf.Revoker:1 hf.IntermediateCA:1]  }]} Affiliations:map[org2:[department1] org-rockontrol:[] org-order:[] org-weihai:[] org1:[department1 department2]] LDAP:{ Enabled:false URL:ldap://****:****@<host>:<port>/<base> UserFilter:(uid=%s) GroupFilter:(memberUid=%s) Attribute:{[uid member] [{ }] map[groups:[{ }]]} TLS:{false [] { }}  } DB:{ Type:sqlite3 Datasource:fabric-ca-server.db TLS:{false [] { }}  } CSP:0xc42028f470 Client:<nil> Intermediate:{ParentServer:{ URL: CAName:  } TLS:{Enabled:false CertFiles:[] Client:{KeyFile: CertFile:}} Enrollment:{ Name: Secret:**** Profile: Label: CSR:<nil> CAName: AttrReqs:[]  }} CRL:{Expiry:24h0m0s}}
2018/06/05 14:33:00 [DEBUG] CA Home Directory: /etc/hyperledger/fabric-ca
2018/06/05 14:33:00 [DEBUG] Checking configuration file version '1.1.0' against server version: '1.1.0'
2018/06/05 14:33:00 [DEBUG] Initializing BCCSP: &{ProviderName:SW SwOpts:0xc42028f4d0 PluginOpts:<nil> Pkcs11Opts:<nil>}
2018/06/05 14:33:00 [DEBUG] Initializing BCCSP with software options &{SecLevel:256 HashFamily:SHA2 Ephemeral:false FileKeystore:0xc4202bfac0 DummyKeystore:<nil>}
2018/06/05 14:33:00 [DEBUG] Initialize key material
2018/06/05 14:33:00 [DEBUG] Making CA filenames absolute
2018/06/05 14:33:00 [INFO] The CA key and certificate already exist
2018/06/05 14:33:00 [INFO] The key is stored by BCCSP provider 'SW'
2018/06/05 14:33:00 [INFO] The certificate is at: /etc/hyperledger/fabric-ca/ca-cert.pem
2018/06/05 14:33:00 [DEBUG] Loading CN from existing enrollment information
2018/06/05 14:33:00 [DEBUG] Initializing DB
2018/06/05 14:33:00 [DEBUG] Initializing 'sqlite3' database at '/etc/hyperledger/fabric-ca/fabric-ca-server.db'
2018/06/05 14:33:00 [DEBUG] Using sqlite database, connect to database in home (/etc/hyperledger/fabric-ca/fabric-ca-server.db) directory
2018/06/05 14:33:00 [DEBUG] Creating SQLite database (/etc/hyperledger/fabric-ca/fabric-ca-server.db) if it does not exist...
2018/06/05 14:33:00 [DEBUG] Creating users table if it does not exist
2018/06/05 14:33:00 [DEBUG] Creating affiliations table if it does not exist
2018/06/05 14:33:00 [DEBUG] Creating certificates table if it does not exist
2018/06/05 14:33:00 [DEBUG] Creating properties table if it does not exist
2018/06/05 14:33:00 [DEBUG] Successfully opened sqlite3 DB
2018/06/05 14:33:00 [DEBUG] Checking database schema...
2018/06/05 14:33:00 [DEBUG] Update SQLite schema, if using outdated schema
2018/06/05 14:33:00 [DEBUG] Initializing identity registry
2018/06/05 14:33:00 [DEBUG] Initialized DB identity registry
2018/06/05 14:33:00 [DEBUG] DB: Get properties [identity.level affiliation.level certificate.level]
2018/06/05 14:33:00 [DEBUG] Checking database levels 'map[affiliation.level:1 certificate.level:1 identity.level:1]' against server levels '&{Identity:1 Affiliation:1 Certificate:1}'
2018/06/05 14:33:00 [DEBUG] Loading identity table
2018/06/05 14:33:00 [DEBUG] Loading identity 'ca-org-weihai-admin'
2018/06/05 14:33:00 [DEBUG] DB: Getting identity ca-org-weihai-admin
2018/06/05 14:33:00 [DEBUG] Identity 'ca-org-weihai-admin' already registered, loaded identity
2018/06/05 14:33:00 [DEBUG] Successfully loaded identity table
2018/06/05 14:33:00 [DEBUG] Loading affiliations table
2018/06/05 14:33:00 [DEBUG] DB: Add affiliation org1
2018/06/05 14:33:00 [DEBUG] Affiliation 'org1' already exists
2018/06/05 14:33:00 [DEBUG] DB: Add affiliation org1.department1
2018/06/05 14:33:00 [DEBUG] Affiliation 'org1.department1' already exists
2018/06/05 14:33:00 [DEBUG] DB: Add affiliation org1.department2
2018/06/05 14:33:00 [DEBUG] Affiliation 'org1.department2' already exists
2018/06/05 14:33:00 [DEBUG] DB: Add affiliation org2
2018/06/05 14:33:00 [DEBUG] Affiliation 'org2' already exists
2018/06/05 14:33:00 [DEBUG] DB: Add affiliation org2.department1
2018/06/05 14:33:00 [DEBUG] Affiliation 'org2.department1' already exists
2018/06/05 14:33:00 [DEBUG] DB: Add affiliation org-rockontrol
2018/06/05 14:33:00 [DEBUG] Affiliation 'org-rockontrol' added
2018/06/05 14:33:00 [DEBUG] DB: Add affiliation org-order
2018/06/05 14:33:00 [DEBUG] Affiliation 'org-order' added
2018/06/05 14:33:00 [DEBUG] DB: Add affiliation org-weihai
2018/06/05 14:33:00 [DEBUG] Affiliation 'org-weihai' added
2018/06/05 14:33:00 [DEBUG] Successfully loaded affiliations table
2018/06/05 14:33:00 [DEBUG] Checking and performing migration, if needed
2018/06/05 14:33:00 [DEBUG] Updating database level to &{Identity:1 Affiliation:1 Certificate:1}
2018/06/05 14:33:00 [INFO] Initialized sqlite3 database at /etc/hyperledger/fabric-ca/fabric-ca-server.db
2018/06/05 14:33:00 [DEBUG] Initializing enrollment signer
2018/06/05 14:33:00 [DEBUG] validating configuration
2018/06/05 14:33:00 [DEBUG] validate local profile
2018/06/05 14:33:00 [DEBUG] profile is valid
2018/06/05 14:33:00 [DEBUG] validate local profile
2018/06/05 14:33:00 [DEBUG] profile is valid
2018/06/05 14:33:00 [DEBUG] validate local profile
2018/06/05 14:33:00 [DEBUG] profile is valid
2018/06/05 14:33:00 [DEBUG] CA initialization successful
2018/06/05 14:33:00 [INFO] Home directory for default CA: /etc/hyperledger/fabric-ca
2018/06/05 14:33:00 [DEBUG] 1 CA instance(s) running on server
2018/06/05 14:33:00 [INFO] Listening on http://0.0.0.0:7054
2018/06/05 14:33:02 [DEBUG] Received request for /enroll
2018/06/05 14:33:02 [DEBUG] ca.Config: &{Version:1.1.0 Cfg:{Identities:{AllowRemove:false} Affiliations:{AllowRemove:false}} CA:{Name: Keyfile:/etc/hyperledger/fabric-ca/ca-key.pem Certfile:/etc/hyperledger/fabric-ca/ca-cert.pem Chainfile:/etc/hyperledger/fabric-ca/ca-chain.pem} Signing:0xc4202c42b0 CSR:{CN:ca-org-weihai Names:[{C:US ST:North Carolina L: O:Hyperledger OU:Fabric SerialNumber:}] Hosts:[ca-org-weihai] KeyRequest:<nil> CA:0xc42026cc00 SerialNumber:} Registry:{MaxEnrollments:-1 Identities:[{ Name:**** Pass:**** Type:client Affiliation: MaxEnrollments:0 Attrs:map[hf.IntermediateCA:1 hf.GenCRL:1 hf.Registrar.Attributes:* hf.AffiliationMgr:1 hf.Registrar.Roles:peer,orderer,client,user hf.Registrar.DelegateRoles:peer,orderer,client,user hf.Revoker:1]  }]} Affiliations:map[org1:[department1 department2] org2:[department1] org-rockontrol:[] org-order:[] org-weihai:[]] LDAP:{ Enabled:false URL:ldap://****:****@<host>:<port>/<base> UserFilter:(uid=%s) GroupFilter:(memberUid=%s) Attribute:{[uid member] [{ }] map[groups:[{ }]]} TLS:{false [] { }}  } DB:{ Type:sqlite3 Datasource:/etc/hyperledger/fabric-ca/fabric-ca-server.db TLS:{false [] { }}  } CSP:0xc42028f470 Client:<nil> Intermediate:{ParentServer:{ URL: CAName:  } TLS:{Enabled:false CertFiles:[] Client:{KeyFile: CertFile:}} Enrollment:{ Name: Secret:**** Profile: Label: CSR:<nil> CAName: AttrReqs:[]  }} CRL:{Expiry:24h0m0s}}
2018/06/05 14:33:02 [DEBUG] DB: Getting identity ca-org-weihai-admin
2018/06/05 14:33:02 [DEBUG] DB: Login user ca-org-weihai-admin with max enrollments of -1 and state of 0
2018/06/05 14:33:02 [DEBUG] DB: identity ca-org-weihai-admin successfully logged in
2018/06/05 14:33:02 [DEBUG] Processing sign request: id=ca-org-weihai-admin, CommonName=ca-org-weihai-admin, Subject=<nil>
2018/06/05 14:33:02 [DEBUG] Request is not for a CA signing certificate
2018/06/05 14:33:02 [DEBUG] Checking CSR fields to make sure that they do not exceed maximum character limits
2018/06/05 14:33:02 [DEBUG] DB: Getting identity ca-org-weihai-admin
2018/06/05 14:33:02 [DEBUG] Finished processing sign request
2018/06/05 14:33:02 [DEBUG] DB: Getting identity ca-org-weihai-admin
2018/06/05 14:33:02 [INFO] signed certificate with serial number 206936139581943096138477931267171792503705907826
2018/06/05 14:33:02 [DEBUG] DB: Insert Certificate
2018/06/05 14:33:02 [DEBUG] Saved serial number as hex 243f5661a61c1824ad0449184c30b86f78a33272
2018/06/05 14:33:02 [DEBUG] saved certificate with serial number 206936139581943096138477931267171792503705907826
2018/06/05 14:33:02 [DEBUG] Successfully incremented state for identity ca-org-weihai-admin to 1
2018/06/05 14:33:02 [INFO] 172.19.0.5:59746 POST /enroll 201 0 "OK"
2018/06/05 14:33:02 [DEBUG] Received request for /register
2018/06/05 14:33:02 [DEBUG] Checking for revocation/expiration of certificate owned by 'ca-org-weihai-admin'
2018/06/05 14:33:02 [DEBUG] DB: Get certificate by serial (243f5661a61c1824ad0449184c30b86f78a33272) and aki (f30a4e0d0514fcac8b29eec28faabe2bd51dedda)
2018/06/05 14:33:02 [DEBUG] Successful token authentication of 'ca-org-weihai-admin'
2018/06/05 14:33:02 [DEBUG] Received registration request from ca-org-weihai-admin: { Name:peer1-org-weihai Type:peer Secret:**** MaxEnrollments:0 Affiliation:org-weihai Attributes:[{hf.Revoker true false}] CAName:  }
2018/06/05 14:33:02 [DEBUG] DB: Getting identity ca-org-weihai-admin
2018/06/05 14:33:02 [DEBUG] canRegister - Check to see if user 'ca-org-weihai-admin' can register
2018/06/05 14:33:02 [DEBUG] Checking to see if caller 'ca-org-weihai-admin' is a registrar
2018/06/05 14:33:02 [DEBUG] Validate Affiliation
2018/06/05 14:33:02 [DEBUG] Checking to see if affiliation 'org-weihai' contains caller's affiliation ''
2018/06/05 14:33:02 [DEBUG] Caller has root affiliation
2018/06/05 14:33:02 [DEBUG] Validate ID
2018/06/05 14:33:02 [DEBUG] Validating affiliation: org-weihai
2018/06/05 14:33:02 [DEBUG] DB: Get affiliation org-weihai
2018/06/05 14:33:02 [DEBUG] Checking to see if registrar can register the requested attributes: [{Name:hf.Revoker Value:true ECert:false}]
2018/06/05 14:33:02 [DEBUG] Validating that registrar with the following values for hf.Registrar.Attributes '*' is authorized to register the requested attribute '&{Name:hf.Revoker Value:true ECert:false}'
2018/06/05 14:33:02 [DEBUG] Checking if registrar can register attribute: hf.Revoker
2018/06/05 14:33:02 [DEBUG] Performing authorization check...
2018/06/05 14:33:02 [DEBUG] Checking if caller is authorized to register attribute 'hf.Revoker' with the requested value of '%!s(func() string=0x98fe70)'
2018/06/05 14:33:02 [DEBUG] Requested attribute type is boolean
2018/06/05 14:33:02 [DEBUG] Registering user id: peer1-org-weihai
2018/06/05 14:33:02 [DEBUG] Max enrollment value verification - User specified max enrollment: 0, CA max enrollment: -1
2018/06/05 14:33:02 [DEBUG] DB: Getting identity peer1-org-weihai
2018/06/05 14:33:02 [DEBUG] DB: Add identity peer1-org-weihai
2018/06/05 14:33:02 [DEBUG] Successfully added identity peer1-org-weihai to the database
2018/06/05 14:33:02 [INFO] 172.19.0.5:59748 POST /register 201 0 "OK"
2018/06/05 14:33:03 [DEBUG] Received request for /register
2018/06/05 14:33:03 [DEBUG] Checking for revocation/expiration of certificate owned by 'ca-org-weihai-admin'
2018/06/05 14:33:03 [DEBUG] DB: Get certificate by serial (243f5661a61c1824ad0449184c30b86f78a33272) and aki (f30a4e0d0514fcac8b29eec28faabe2bd51dedda)
2018/06/05 14:33:03 [DEBUG] Successful token authentication of 'ca-org-weihai-admin'
2018/06/05 14:33:03 [DEBUG] Received registration request from ca-org-weihai-admin: { Name:peer2-org-weihai Type:peer Secret:**** MaxEnrollments:0 Affiliation:org-weihai Attributes:[{hf.Revoker true false}] CAName:  }
2018/06/05 14:33:03 [DEBUG] DB: Getting identity ca-org-weihai-admin
2018/06/05 14:33:03 [DEBUG] canRegister - Check to see if user 'ca-org-weihai-admin' can register
2018/06/05 14:33:03 [DEBUG] Checking to see if caller 'ca-org-weihai-admin' is a registrar
2018/06/05 14:33:03 [DEBUG] Validate Affiliation
2018/06/05 14:33:03 [DEBUG] Checking to see if affiliation 'org-weihai' contains caller's affiliation ''
2018/06/05 14:33:03 [DEBUG] Caller has root affiliation
2018/06/05 14:33:03 [DEBUG] Validate ID
2018/06/05 14:33:03 [DEBUG] Validating affiliation: org-weihai
2018/06/05 14:33:03 [DEBUG] DB: Get affiliation org-weihai
2018/06/05 14:33:03 [DEBUG] Checking to see if registrar can register the requested attributes: [{Name:hf.Revoker Value:true ECert:false}]
2018/06/05 14:33:03 [DEBUG] Validating that registrar with the following values for hf.Registrar.Attributes '*' is authorized to register the requested attribute '&{Name:hf.Revoker Value:true ECert:false}'
2018/06/05 14:33:03 [DEBUG] Checking if registrar can register attribute: hf.Revoker
2018/06/05 14:33:03 [DEBUG] Performing authorization check...
2018/06/05 14:33:03 [DEBUG] Checking if caller is authorized to register attribute 'hf.Revoker' with the requested value of '%!s(func() string=0x98fe70)'
2018/06/05 14:33:03 [DEBUG] Requested attribute type is boolean
2018/06/05 14:33:03 [DEBUG] Registering user id: peer2-org-weihai
2018/06/05 14:33:03 [DEBUG] Max enrollment value verification - User specified max enrollment: 0, CA max enrollment: -1
2018/06/05 14:33:03 [DEBUG] DB: Getting identity peer2-org-weihai
2018/06/05 14:33:03 [DEBUG] DB: Add identity peer2-org-weihai
2018/06/05 14:33:03 [DEBUG] Successfully added identity peer2-org-weihai to the database
2018/06/05 14:33:03 [INFO] 172.19.0.5:59750 POST /register 201 0 "OK"
2018/06/05 14:33:03 [DEBUG] Received request for /register
2018/06/05 14:33:03 [DEBUG] Checking for revocation/expiration of certificate owned by 'ca-org-weihai-admin'
2018/06/05 14:33:03 [DEBUG] DB: Get certificate by serial (243f5661a61c1824ad0449184c30b86f78a33272) and aki (f30a4e0d0514fcac8b29eec28faabe2bd51dedda)
2018/06/05 14:33:03 [DEBUG] Successful token authentication of 'ca-org-weihai-admin'
2018/06/05 14:33:03 [DEBUG] Received registration request from ca-org-weihai-admin: { Name:org-weihai-admin Type:client Secret:**** MaxEnrollments:0 Affiliation:org-weihai Attributes:[{hf.Registrar.Roles client false} {hf.Registrar.Attributes * false} {hf.Revoker true false} {hf.GenCRL true false} {admin true true} {abac.init true true}] CAName:  }
2018/06/05 14:33:03 [DEBUG] DB: Getting identity ca-org-weihai-admin
2018/06/05 14:33:03 [DEBUG] canRegister - Check to see if user 'ca-org-weihai-admin' can register
2018/06/05 14:33:03 [DEBUG] Checking to see if caller 'ca-org-weihai-admin' is a registrar
2018/06/05 14:33:03 [DEBUG] Validate Affiliation
2018/06/05 14:33:03 [DEBUG] Checking to see if affiliation 'org-weihai' contains caller's affiliation ''
2018/06/05 14:33:03 [DEBUG] Caller has root affiliation
2018/06/05 14:33:03 [DEBUG] Validate ID
2018/06/05 14:33:03 [DEBUG] Validating affiliation: org-weihai
2018/06/05 14:33:03 [DEBUG] DB: Get affiliation org-weihai
2018/06/05 14:33:03 [DEBUG] Checking to see if registrar can register the requested attributes: [{Name:hf.Registrar.Roles Value:client ECert:false} {Name:hf.Registrar.Attributes Value:* ECert:false} {Name:hf.Revoker Value:true ECert:false} {Name:hf.GenCRL Value:true ECert:false} {Name:admin Value:true ECert:true} {Name:abac.init Value:true ECert:true}]
2018/06/05 14:33:03 [DEBUG] Validating that registrar with the following values for hf.Registrar.Attributes '*' is authorized to register the requested attribute '&{Name:hf.Registrar.Roles Value:client ECert:false}'
2018/06/05 14:33:03 [DEBUG] Checking if registrar can register attribute: hf.Registrar.Roles
2018/06/05 14:33:03 [DEBUG] Performing authorization check...
2018/06/05 14:33:03 [DEBUG] Checking if caller is authorized to register attribute 'hf.Registrar.Roles' with the requested value of '%!s(func() string=0x98fe70)'
2018/06/05 14:33:03 [DEBUG] Requested attribute type is list
2018/06/05 14:33:03 [DEBUG] Validating that registrar with the following values for hf.Registrar.Attributes '*' is authorized to register the requested attribute '&{Name:hf.Registrar.Attributes Value:* ECert:false}'
2018/06/05 14:33:03 [DEBUG] Checking if registrar can register attribute: hf.Registrar.Attributes
2018/06/05 14:33:03 [DEBUG] Performing authorization check...
2018/06/05 14:33:03 [DEBUG] Checking if caller is authorized to register attribute 'hf.Registrar.Attributes' with the requested value of '%!s(func() string=0x98fe70)'
2018/06/05 14:33:03 [DEBUG] Requested attribute type is list
2018/06/05 14:33:03 [DEBUG] Perform ownshership check for requested 'hf.' attributes for the values of 'hf.Registrar.Attributes'
2018/06/05 14:33:03 [DEBUG] Checking if registrar can register attribute: *
2018/06/05 14:33:03 [DEBUG] Validating that registrar with the following values for hf.Registrar.Attributes '*' is authorized to register the requested attribute '&{Name:hf.Revoker Value:true ECert:false}'
2018/06/05 14:33:03 [DEBUG] Checking if registrar can register attribute: hf.Revoker
2018/06/05 14:33:03 [DEBUG] Performing authorization check...
2018/06/05 14:33:03 [DEBUG] Checking if caller is authorized to register attribute 'hf.Revoker' with the requested value of '%!s(func() string=0x98fe70)'
2018/06/05 14:33:03 [DEBUG] Requested attribute type is boolean
2018/06/05 14:33:03 [DEBUG] Validating that registrar with the following values for hf.Registrar.Attributes '*' is authorized to register the requested attribute '&{Name:hf.GenCRL Value:true ECert:false}'
2018/06/05 14:33:03 [DEBUG] Checking if registrar can register attribute: hf.GenCRL
2018/06/05 14:33:03 [DEBUG] Performing authorization check...
2018/06/05 14:33:03 [DEBUG] Checking if caller is authorized to register attribute 'hf.GenCRL' with the requested value of '%!s(func() string=0x98fe70)'
2018/06/05 14:33:03 [DEBUG] Requested attribute type is boolean
2018/06/05 14:33:03 [DEBUG] Validating that registrar with the following values for hf.Registrar.Attributes '*' is authorized to register the requested attribute '&{Name:admin Value:true ECert:true}'
2018/06/05 14:33:03 [DEBUG] Checking if registrar can register attribute: admin
2018/06/05 14:33:03 [DEBUG] Performing authorization check...
2018/06/05 14:33:03 [DEBUG] Validating that registrar with the following values for hf.Registrar.Attributes '*' is authorized to register the requested attribute '&{Name:abac.init Value:true ECert:true}'
2018/06/05 14:33:03 [DEBUG] Checking if registrar can register attribute: abac.init
2018/06/05 14:33:03 [DEBUG] Performing authorization check...
2018/06/05 14:33:03 [DEBUG] Registering user id: org-weihai-admin
2018/06/05 14:33:03 [DEBUG] Max enrollment value verification - User specified max enrollment: 0, CA max enrollment: -1
2018/06/05 14:33:03 [DEBUG] DB: Getting identity org-weihai-admin
2018/06/05 14:33:03 [DEBUG] DB: Add identity org-weihai-admin
2018/06/05 14:33:03 [DEBUG] Successfully added identity org-weihai-admin to the database
2018/06/05 14:33:03 [INFO] 172.19.0.5:59752 POST /register 201 0 "OK"
2018/06/05 14:33:03 [DEBUG] Received request for /register
2018/06/05 14:33:03 [DEBUG] Checking for revocation/expiration of certificate owned by 'ca-org-weihai-admin'
2018/06/05 14:33:03 [DEBUG] DB: Get certificate by serial (243f5661a61c1824ad0449184c30b86f78a33272) and aki (f30a4e0d0514fcac8b29eec28faabe2bd51dedda)
2018/06/05 14:33:03 [DEBUG] Successful token authentication of 'ca-org-weihai-admin'
2018/06/05 14:33:03 [DEBUG] Received registration request from ca-org-weihai-admin: { Name:user-org-weihai Type:user Secret:**** MaxEnrollments:0 Affiliation:org-weihai Attributes:[] CAName:  }
2018/06/05 14:33:03 [DEBUG] DB: Getting identity ca-org-weihai-admin
2018/06/05 14:33:03 [DEBUG] canRegister - Check to see if user 'ca-org-weihai-admin' can register
2018/06/05 14:33:03 [DEBUG] Checking to see if caller 'ca-org-weihai-admin' is a registrar
2018/06/05 14:33:03 [DEBUG] Validate Affiliation
2018/06/05 14:33:03 [DEBUG] Checking to see if affiliation 'org-weihai' contains caller's affiliation ''
2018/06/05 14:33:03 [DEBUG] Caller has root affiliation
2018/06/05 14:33:03 [DEBUG] Validate ID
2018/06/05 14:33:03 [DEBUG] Validating affiliation: org-weihai
2018/06/05 14:33:03 [DEBUG] DB: Get affiliation org-weihai
2018/06/05 14:33:03 [DEBUG] Registering user id: user-org-weihai
2018/06/05 14:33:03 [DEBUG] Max enrollment value verification - User specified max enrollment: 0, CA max enrollment: -1
2018/06/05 14:33:03 [DEBUG] DB: Getting identity user-org-weihai
2018/06/05 14:33:03 [DEBUG] DB: Add identity user-org-weihai
2018/06/05 14:33:03 [DEBUG] Successfully added identity user-org-weihai to the database
2018/06/05 14:33:03 [INFO] 172.19.0.5:59754 POST /register 201 0 "OK"
2018/06/05 14:33:03 [DEBUG] Received request for /cainfo
2018/06/05 14:33:03 [INFO] 172.19.0.5:59764 POST /cainfo 200 0 "OK"
2018/06/05 14:33:03 [DEBUG] Received request for /enroll
2018/06/05 14:33:03 [DEBUG] ca.Config: &{Version:1.1.0 Cfg:{Identities:{AllowRemove:false} Affiliations:{AllowRemove:false}} CA:{Name: Keyfile:/etc/hyperledger/fabric-ca/ca-key.pem Certfile:/etc/hyperledger/fabric-ca/ca-cert.pem Chainfile:/etc/hyperledger/fabric-ca/ca-chain.pem} Signing:0xc4202c42b0 CSR:{CN:ca-org-weihai Names:[{C:US ST:North Carolina L: O:Hyperledger OU:Fabric SerialNumber:}] Hosts:[ca-org-weihai] KeyRequest:<nil> CA:0xc42026cc00 SerialNumber:} Registry:{MaxEnrollments:-1 Identities:[{ Name:**** Pass:**** Type:client Affiliation: MaxEnrollments:0 Attrs:map[hf.Registrar.Attributes:* hf.AffiliationMgr:1 hf.Registrar.Roles:peer,orderer,client,user hf.Registrar.DelegateRoles:peer,orderer,client,user hf.Revoker:1 hf.IntermediateCA:1 hf.GenCRL:1]  }]} Affiliations:map[org-rockontrol:[] org-order:[] org-weihai:[] org1:[department1 department2] org2:[department1]] LDAP:{ Enabled:false URL:ldap://****:****@<host>:<port>/<base> UserFilter:(uid=%s) GroupFilter:(memberUid=%s) Attribute:{[uid member] [{ }] map[groups:[{ }]]} TLS:{false [] { }}  } DB:{ Type:sqlite3 Datasource:/etc/hyperledger/fabric-ca/fabric-ca-server.db TLS:{false [] { }}  } CSP:0xc42028f470 Client:<nil> Intermediate:{ParentServer:{ URL: CAName:  } TLS:{Enabled:false CertFiles:[] Client:{KeyFile: CertFile:}} Enrollment:{ Name: Secret:**** Profile: Label: CSR:<nil> CAName: AttrReqs:[]  }} CRL:{Expiry:24h0m0s}}
2018/06/05 14:33:03 [DEBUG] DB: Getting identity org-weihai-admin
2018/06/05 14:33:03 [DEBUG] DB: Login user org-weihai-admin with max enrollments of -1 and state of 0
2018/06/05 14:33:03 [DEBUG] DB: identity org-weihai-admin successfully logged in
2018/06/05 14:33:03 [DEBUG] Processing sign request: id=org-weihai-admin, CommonName=org-weihai-admin, Subject=<nil>
2018/06/05 14:33:03 [DEBUG] Request is not for a CA signing certificate
2018/06/05 14:33:03 [DEBUG] Checking CSR fields to make sure that they do not exceed maximum character limits
2018/06/05 14:33:03 [DEBUG] DB: Getting identity org-weihai-admin
2018/06/05 14:33:03 [DEBUG] Finished processing sign request
2018/06/05 14:33:03 [DEBUG] DB: Getting identity org-weihai-admin
2018/06/05 14:33:03 [DEBUG] Attribute extension being added to certificate is: &{ID:[1 2 3 4 5 6 7 8 1] Critical:false Value:7b226174747273223a7b22616261632e696e6974223a2274727565222c2261646d696e223a2274727565222c2268662e416666696c696174696f6e223a226f72672d776569686169222c2268662e456e726f6c6c6d656e744944223a226f72672d7765696861692d61646d696e222c2268662e54797065223a22636c69656e74227d7d}
2018/06/05 14:33:03 [DEBUG] Adding attribute extension to CSR: &{ID:[1 2 3 4 5 6 7 8 1] Critical:false Value:7b226174747273223a7b22616261632e696e6974223a2274727565222c2261646d696e223a2274727565222c2268662e416666696c696174696f6e223a226f72672d776569686169222c2268662e456e726f6c6c6d656e744944223a226f72672d7765696861692d61646d696e222c2268662e54797065223a22636c69656e74227d7d}
2018/06/05 14:33:03 [INFO] signed certificate with serial number 529391846944501541706834650715538328425123730035
2018/06/05 14:33:03 [DEBUG] DB: Insert Certificate
2018/06/05 14:33:03 [DEBUG] Saved serial number as hex 5cbac05da2f7fe2d40515cd3547b81bf108ad273
2018/06/05 14:33:03 [DEBUG] saved certificate with serial number 529391846944501541706834650715538328425123730035
2018/06/05 14:33:03 [DEBUG] Successfully incremented state for identity org-weihai-admin to 1
2018/06/05 14:33:03 [INFO] 172.19.0.5:59766 POST /enroll 201 0 "OK"
2018/06/05 14:33:04 [DEBUG] Received request for /enroll
2018/06/05 14:33:04 [DEBUG] ca.Config: &{Version:1.1.0 Cfg:{Identities:{AllowRemove:false} Affiliations:{AllowRemove:false}} CA:{Name: Keyfile:/etc/hyperledger/fabric-ca/ca-key.pem Certfile:/etc/hyperledger/fabric-ca/ca-cert.pem Chainfile:/etc/hyperledger/fabric-ca/ca-chain.pem} Signing:0xc4202c42b0 CSR:{CN:ca-org-weihai Names:[{C:US ST:North Carolina L: O:Hyperledger OU:Fabric SerialNumber:}] Hosts:[ca-org-weihai] KeyRequest:<nil> CA:0xc42026cc00 SerialNumber:} Registry:{MaxEnrollments:-1 Identities:[{ Name:**** Pass:**** Type:client Affiliation: MaxEnrollments:0 Attrs:map[hf.AffiliationMgr:1 hf.Registrar.Roles:peer,orderer,client,user hf.Registrar.DelegateRoles:peer,orderer,client,user hf.Revoker:1 hf.IntermediateCA:1 hf.GenCRL:1 hf.Registrar.Attributes:*]  }]} Affiliations:map[org-weihai:[] org1:[department1 department2] org2:[department1] org-rockontrol:[] org-order:[]] LDAP:{ Enabled:false URL:ldap://****:****@<host>:<port>/<base> UserFilter:(uid=%s) GroupFilter:(memberUid=%s) Attribute:{[uid member] [{ }] map[groups:[{ }]]} TLS:{false [] { }}  } DB:{ Type:sqlite3 Datasource:/etc/hyperledger/fabric-ca/fabric-ca-server.db TLS:{false [] { }}  } CSP:0xc42028f470 Client:<nil> Intermediate:{ParentServer:{ URL: CAName:  } TLS:{Enabled:false CertFiles:[] Client:{KeyFile: CertFile:}} Enrollment:{ Name: Secret:**** Profile: Label: CSR:<nil> CAName: AttrReqs:[]  }} CRL:{Expiry:24h0m0s}}
2018/06/05 14:33:04 [DEBUG] DB: Getting identity peer2-org-weihai
2018/06/05 14:33:04 [DEBUG] DB: Login user peer2-org-weihai with max enrollments of -1 and state of 0
2018/06/05 14:33:04 [DEBUG] DB: identity peer2-org-weihai successfully logged in
2018/06/05 14:33:04 [DEBUG] Processing sign request: id=peer2-org-weihai, CommonName=peer2-org-weihai, Subject=<nil>
2018/06/05 14:33:04 [DEBUG] Request is not for a CA signing certificate
2018/06/05 14:33:04 [DEBUG] Checking CSR fields to make sure that they do not exceed maximum character limits
2018/06/05 14:33:04 [DEBUG] DB: Getting identity peer2-org-weihai
2018/06/05 14:33:04 [DEBUG] Finished processing sign request
2018/06/05 14:33:04 [DEBUG] DB: Getting identity peer2-org-weihai
2018/06/05 14:33:04 [DEBUG] Attribute extension being added to certificate is: &{ID:[1 2 3 4 5 6 7 8 1] Critical:false Value:7b226174747273223a7b2268662e416666696c696174696f6e223a226f72672d776569686169222c2268662e456e726f6c6c6d656e744944223a2270656572322d6f72672d776569686169222c2268662e54797065223a2270656572227d7d}
2018/06/05 14:33:04 [DEBUG] Adding attribute extension to CSR: &{ID:[1 2 3 4 5 6 7 8 1] Critical:false Value:7b226174747273223a7b2268662e416666696c696174696f6e223a226f72672d776569686169222c2268662e456e726f6c6c6d656e744944223a2270656572322d6f72672d776569686169222c2268662e54797065223a2270656572227d7d}
2018/06/05 14:33:05 [INFO] signed certificate with serial number 494133034040861589240967173524643701712018109725
2018/06/05 14:33:05 [DEBUG] DB: Insert Certificate
2018/06/05 14:33:05 [DEBUG] Saved serial number as hex 568db10b2c9d44a3c3d82b2af170b889e7f6751d
2018/06/05 14:33:05 [DEBUG] saved certificate with serial number 494133034040861589240967173524643701712018109725
2018/06/05 14:33:05 [DEBUG] Successfully incremented state for identity peer2-org-weihai to 1
2018/06/05 14:33:05 [INFO] 172.19.0.7:33020 POST /enroll 201 0 "OK"
2018/06/05 14:33:05 [DEBUG] Received request for /enroll
2018/06/05 14:33:05 [DEBUG] ca.Config: &{Version:1.1.0 Cfg:{Identities:{AllowRemove:false} Affiliations:{AllowRemove:false}} CA:{Name: Keyfile:/etc/hyperledger/fabric-ca/ca-key.pem Certfile:/etc/hyperledger/fabric-ca/ca-cert.pem Chainfile:/etc/hyperledger/fabric-ca/ca-chain.pem} Signing:0xc4202c42b0 CSR:{CN:ca-org-weihai Names:[{C:US ST:North Carolina L: O:Hyperledger OU:Fabric SerialNumber:}] Hosts:[ca-org-weihai] KeyRequest:<nil> CA:0xc42026cc00 SerialNumber:} Registry:{MaxEnrollments:-1 Identities:[{ Name:**** Pass:**** Type:client Affiliation: MaxEnrollments:0 Attrs:map[hf.IntermediateCA:1 hf.GenCRL:1 hf.Registrar.Attributes:* hf.AffiliationMgr:1 hf.Registrar.Roles:peer,orderer,client,user hf.Registrar.DelegateRoles:peer,orderer,client,user hf.Revoker:1]  }]} Affiliations:map[org-weihai:[] org1:[department1 department2] org2:[department1] org-rockontrol:[] org-order:[]] LDAP:{ Enabled:false URL:ldap://****:****@<host>:<port>/<base> UserFilter:(uid=%s) GroupFilter:(memberUid=%s) Attribute:{[uid member] [{ }] map[groups:[{ }]]} TLS:{false [] { }}  } DB:{ Type:sqlite3 Datasource:/etc/hyperledger/fabric-ca/fabric-ca-server.db TLS:{false [] { }}  } CSP:0xc42028f470 Client:<nil> Intermediate:{ParentServer:{ URL: CAName:  } TLS:{Enabled:false CertFiles:[] Client:{KeyFile: CertFile:}} Enrollment:{ Name: Secret:**** Profile: Label: CSR:<nil> CAName: AttrReqs:[]  }} CRL:{Expiry:24h0m0s}}
2018/06/05 14:33:05 [DEBUG] DB: Getting identity peer1-org-weihai
2018/06/05 14:33:05 [DEBUG] DB: Login user peer1-org-weihai with max enrollments of -1 and state of 0
2018/06/05 14:33:05 [DEBUG] Received request for /enroll
2018/06/05 14:33:05 [DEBUG] ca.Config: &{Version:1.1.0 Cfg:{Identities:{AllowRemove:false} Affiliations:{AllowRemove:false}} CA:{Name: Keyfile:/etc/hyperledger/fabric-ca/ca-key.pem Certfile:/etc/hyperledger/fabric-ca/ca-cert.pem Chainfile:/etc/hyperledger/fabric-ca/ca-chain.pem} Signing:0xc4202c42b0 CSR:{CN:ca-org-weihai Names:[{C:US ST:North Carolina L: O:Hyperledger OU:Fabric SerialNumber:}] Hosts:[ca-org-weihai] KeyRequest:<nil> CA:0xc42026cc00 SerialNumber:} Registry:{MaxEnrollments:-1 Identities:[{ Name:**** Pass:**** Type:client Affiliation: MaxEnrollments:0 Attrs:map[hf.Registrar.Attributes:* hf.AffiliationMgr:1 hf.Registrar.Roles:peer,orderer,client,user hf.Registrar.DelegateRoles:peer,orderer,client,user hf.Revoker:1 hf.IntermediateCA:1 hf.GenCRL:1]  }]} Affiliations:map[org-rockontrol:[] org-order:[] org-weihai:[] org1:[department1 department2] org2:[department1]] LDAP:{ Enabled:false URL:ldap://****:****@<host>:<port>/<base> UserFilter:(uid=%s) GroupFilter:(memberUid=%s) Attribute:{[uid member] [{ }] map[groups:[{ }]]} TLS:{false [] { }}  } DB:{ Type:sqlite3 Datasource:/etc/hyperledger/fabric-ca/fabric-ca-server.db TLS:{false [] { }}  } CSP:0xc42028f470 Client:<nil> Intermediate:{ParentServer:{ URL: CAName:  } TLS:{Enabled:false CertFiles:[] Client:{KeyFile: CertFile:}} Enrollment:{ Name: Secret:**** Profile: Label: CSR:<nil> CAName: AttrReqs:[]  }} CRL:{Expiry:24h0m0s}}
2018/06/05 14:33:05 [DEBUG] DB: Getting identity peer2-org-weihai
2018/06/05 14:33:05 [DEBUG] DB: Login user peer2-org-weihai with max enrollments of -1 and state of 1
2018/06/05 14:33:05 [DEBUG] DB: identity peer1-org-weihai successfully logged in
2018/06/05 14:33:05 [DEBUG] Processing sign request: id=peer1-org-weihai, CommonName=peer1-org-weihai, Subject=<nil>
2018/06/05 14:33:05 [DEBUG] Request is not for a CA signing certificate
2018/06/05 14:33:05 [DEBUG] Checking CSR fields to make sure that they do not exceed maximum character limits
2018/06/05 14:33:05 [DEBUG] DB: Getting identity peer1-org-weihai
2018/06/05 14:33:05 [DEBUG] Finished processing sign request
2018/06/05 14:33:05 [DEBUG] DB: Getting identity peer1-org-weihai
2018/06/05 14:33:05 [DEBUG] Attribute extension being added to certificate is: &{ID:[1 2 3 4 5 6 7 8 1] Critical:false Value:7b226174747273223a7b2268662e416666696c696174696f6e223a226f72672d776569686169222c2268662e456e726f6c6c6d656e744944223a2270656572312d6f72672d776569686169222c2268662e54797065223a2270656572227d7d}
2018/06/05 14:33:05 [DEBUG] Adding attribute extension to CSR: &{ID:[1 2 3 4 5 6 7 8 1] Critical:false Value:7b226174747273223a7b2268662e416666696c696174696f6e223a226f72672d776569686169222c2268662e456e726f6c6c6d656e744944223a2270656572312d6f72672d776569686169222c2268662e54797065223a2270656572227d7d}
2018/06/05 14:33:05 [INFO] signed certificate with serial number 691211664622873161148929865985170062522835202434
2018/06/05 14:33:05 [DEBUG] DB: Insert Certificate
2018/06/05 14:33:05 [DEBUG] Saved serial number as hex 791300c57775e1f862b9e9ef7af9d5a29296f182
2018/06/05 14:33:05 [DEBUG] saved certificate with serial number 691211664622873161148929865985170062522835202434
2018/06/05 14:33:05 [DEBUG] Successfully incremented state for identity peer1-org-weihai to 1
2018/06/05 14:33:05 [INFO] 172.19.0.9:42420 POST /enroll 201 0 "OK"
2018/06/05 14:33:05 [DEBUG] DB: identity peer2-org-weihai successfully logged in
2018/06/05 14:33:05 [DEBUG] Processing sign request: id=peer2-org-weihai, CommonName=peer2-org-weihai, Subject=<nil>
2018/06/05 14:33:05 [DEBUG] Request is not for a CA signing certificate
2018/06/05 14:33:05 [DEBUG] Checking CSR fields to make sure that they do not exceed maximum character limits
2018/06/05 14:33:05 [DEBUG] DB: Getting identity peer2-org-weihai
2018/06/05 14:33:05 [DEBUG] Finished processing sign request
2018/06/05 14:33:05 [DEBUG] DB: Getting identity peer2-org-weihai
2018/06/05 14:33:05 [DEBUG] Attribute extension being added to certificate is: &{ID:[1 2 3 4 5 6 7 8 1] Critical:false Value:7b226174747273223a7b2268662e416666696c696174696f6e223a226f72672d776569686169222c2268662e456e726f6c6c6d656e744944223a2270656572322d6f72672d776569686169222c2268662e54797065223a2270656572227d7d}
2018/06/05 14:33:05 [DEBUG] Adding attribute extension to CSR: &{ID:[1 2 3 4 5 6 7 8 1] Critical:false Value:7b226174747273223a7b2268662e416666696c696174696f6e223a226f72672d776569686169222c2268662e456e726f6c6c6d656e744944223a2270656572322d6f72672d776569686169222c2268662e54797065223a2270656572227d7d}
2018/06/05 14:33:05 [INFO] signed certificate with serial number 631852216151657354226088210082682239369069073032
2018/06/05 14:33:05 [DEBUG] DB: Insert Certificate
2018/06/05 14:33:05 [DEBUG] Saved serial number as hex 6ead3bb89a1f514bff163e3b5895276e526e1288
2018/06/05 14:33:05 [DEBUG] saved certificate with serial number 631852216151657354226088210082682239369069073032
2018/06/05 14:33:05 [DEBUG] Successfully incremented state for identity peer2-org-weihai to 2
2018/06/05 14:33:05 [INFO] 172.19.0.7:33024 POST /enroll 201 0 "OK"
2018/06/05 14:33:05 [DEBUG] Received request for /enroll
2018/06/05 14:33:05 [DEBUG] ca.Config: &{Version:1.1.0 Cfg:{Identities:{AllowRemove:false} Affiliations:{AllowRemove:false}} CA:{Name: Keyfile:/etc/hyperledger/fabric-ca/ca-key.pem Certfile:/etc/hyperledger/fabric-ca/ca-cert.pem Chainfile:/etc/hyperledger/fabric-ca/ca-chain.pem} Signing:0xc4202c42b0 CSR:{CN:ca-org-weihai Names:[{C:US ST:North Carolina L: O:Hyperledger OU:Fabric SerialNumber:}] Hosts:[ca-org-weihai] KeyRequest:<nil> CA:0xc42026cc00 SerialNumber:} Registry:{MaxEnrollments:-1 Identities:[{ Name:**** Pass:**** Type:client Affiliation: MaxEnrollments:0 Attrs:map[hf.Registrar.Attributes:* hf.AffiliationMgr:1 hf.Registrar.Roles:peer,orderer,client,user hf.Registrar.DelegateRoles:peer,orderer,client,user hf.Revoker:1 hf.IntermediateCA:1 hf.GenCRL:1]  }]} Affiliations:map[org-rockontrol:[] org-order:[] org-weihai:[] org1:[department1 department2] org2:[department1]] LDAP:{ Enabled:false URL:ldap://****:****@<host>:<port>/<base> UserFilter:(uid=%s) GroupFilter:(memberUid=%s) Attribute:{[uid member] [{ }] map[groups:[{ }]]} TLS:{false [] { }}  } DB:{ Type:sqlite3 Datasource:/etc/hyperledger/fabric-ca/fabric-ca-server.db TLS:{false [] { }}  } CSP:0xc42028f470 Client:<nil> Intermediate:{ParentServer:{ URL: CAName:  } TLS:{Enabled:false CertFiles:[] Client:{KeyFile: CertFile:}} Enrollment:{ Name: Secret:**** Profile: Label: CSR:<nil> CAName: AttrReqs:[]  }} CRL:{Expiry:24h0m0s}}
2018/06/05 14:33:05 [DEBUG] DB: Getting identity peer1-org-weihai
2018/06/05 14:33:05 [DEBUG] DB: Login user peer1-org-weihai with max enrollments of -1 and state of 1
2018/06/05 14:33:05 [DEBUG] Received request for /enroll
2018/06/05 14:33:05 [DEBUG] ca.Config: &{Version:1.1.0 Cfg:{Identities:{AllowRemove:false} Affiliations:{AllowRemove:false}} CA:{Name: Keyfile:/etc/hyperledger/fabric-ca/ca-key.pem Certfile:/etc/hyperledger/fabric-ca/ca-cert.pem Chainfile:/etc/hyperledger/fabric-ca/ca-chain.pem} Signing:0xc4202c42b0 CSR:{CN:ca-org-weihai Names:[{C:US ST:North Carolina L: O:Hyperledger OU:Fabric SerialNumber:}] Hosts:[ca-org-weihai] KeyRequest:<nil> CA:0xc42026cc00 SerialNumber:} Registry:{MaxEnrollments:-1 Identities:[{ Name:**** Pass:**** Type:client Affiliation: MaxEnrollments:0 Attrs:map[hf.IntermediateCA:1 hf.GenCRL:1 hf.Registrar.Attributes:* hf.AffiliationMgr:1 hf.Registrar.Roles:peer,orderer,client,user hf.Registrar.DelegateRoles:peer,orderer,client,user hf.Revoker:1]  }]} Affiliations:map[org1:[department1 department2] org2:[department1] org-rockontrol:[] org-order:[] org-weihai:[]] LDAP:{ Enabled:false URL:ldap://****:****@<host>:<port>/<base> UserFilter:(uid=%s) GroupFilter:(memberUid=%s) Attribute:{[uid member] [{ }] map[groups:[{ }]]} TLS:{false [] { }}  } DB:{ Type:sqlite3 Datasource:/etc/hyperledger/fabric-ca/fabric-ca-server.db TLS:{false [] { }}  } CSP:0xc42028f470 Client:<nil> Intermediate:{ParentServer:{ URL: CAName:  } TLS:{Enabled:false CertFiles:[] Client:{KeyFile: CertFile:}} Enrollment:{ Name: Secret:**** Profile: Label: CSR:<nil> CAName: AttrReqs:[]  }} CRL:{Expiry:24h0m0s}}
2018/06/05 14:33:05 [DEBUG] DB: Getting identity peer2-org-weihai
2018/06/05 14:33:05 [DEBUG] DB: Login user peer2-org-weihai with max enrollments of -1 and state of 2
2018/06/05 14:33:05 [DEBUG] DB: identity peer1-org-weihai successfully logged in
2018/06/05 14:33:05 [DEBUG] Processing sign request: id=peer1-org-weihai, CommonName=peer1-org-weihai, Subject=<nil>
2018/06/05 14:33:05 [DEBUG] Request is not for a CA signing certificate
2018/06/05 14:33:05 [DEBUG] Checking CSR fields to make sure that they do not exceed maximum character limits
2018/06/05 14:33:05 [DEBUG] DB: Getting identity peer1-org-weihai
2018/06/05 14:33:05 [DEBUG] Finished processing sign request
2018/06/05 14:33:05 [DEBUG] DB: Getting identity peer1-org-weihai
2018/06/05 14:33:05 [DEBUG] Attribute extension being added to certificate is: &{ID:[1 2 3 4 5 6 7 8 1] Critical:false Value:7b226174747273223a7b2268662e416666696c696174696f6e223a226f72672d776569686169222c2268662e456e726f6c6c6d656e744944223a2270656572312d6f72672d776569686169222c2268662e54797065223a2270656572227d7d}
2018/06/05 14:33:05 [DEBUG] Adding attribute extension to CSR: &{ID:[1 2 3 4 5 6 7 8 1] Critical:false Value:7b226174747273223a7b2268662e416666696c696174696f6e223a226f72672d776569686169222c2268662e456e726f6c6c6d656e744944223a2270656572312d6f72672d776569686169222c2268662e54797065223a2270656572227d7d}
2018/06/05 14:33:05 [INFO] signed certificate with serial number 158032107633456878683618756906742602167989653957
2018/06/05 14:33:05 [DEBUG] DB: Insert Certificate
2018/06/05 14:33:05 [DEBUG] Saved serial number as hex 1bae67a06dde20b0496c5f43cf0fb64dbadd51c5
2018/06/05 14:33:05 [DEBUG] saved certificate with serial number 158032107633456878683618756906742602167989653957
2018/06/05 14:33:05 [DEBUG] Successfully incremented state for identity peer1-org-weihai to 2
2018/06/05 14:33:05 [INFO] 172.19.0.9:42430 POST /enroll 201 0 "OK"
2018/06/05 14:33:05 [DEBUG] Received request for /enroll
2018/06/05 14:33:05 [DEBUG] ca.Config: &{Version:1.1.0 Cfg:{Identities:{AllowRemove:false} Affiliations:{AllowRemove:false}} CA:{Name: Keyfile:/etc/hyperledger/fabric-ca/ca-key.pem Certfile:/etc/hyperledger/fabric-ca/ca-cert.pem Chainfile:/etc/hyperledger/fabric-ca/ca-chain.pem} Signing:0xc4202c42b0 CSR:{CN:ca-org-weihai Names:[{C:US ST:North Carolina L: O:Hyperledger OU:Fabric SerialNumber:}] Hosts:[ca-org-weihai] KeyRequest:<nil> CA:0xc42026cc00 SerialNumber:} Registry:{MaxEnrollments:-1 Identities:[{ Name:**** Pass:**** Type:client Affiliation: MaxEnrollments:0 Attrs:map[hf.Registrar.Roles:peer,orderer,client,user hf.Registrar.DelegateRoles:peer,orderer,client,user hf.Revoker:1 hf.IntermediateCA:1 hf.GenCRL:1 hf.Registrar.Attributes:* hf.AffiliationMgr:1]  }]} Affiliations:map[org-weihai:[] org1:[department1 department2] org2:[department1] org-rockontrol:[] org-order:[]] LDAP:{ Enabled:false URL:ldap://****:****@<host>:<port>/<base> UserFilter:(uid=%s) GroupFilter:(memberUid=%s) Attribute:{[uid member] [{ }] map[groups:[{ }]]} TLS:{false [] { }}  } DB:{ Type:sqlite3 Datasource:/etc/hyperledger/fabric-ca/fabric-ca-server.db TLS:{false [] { }}  } CSP:0xc42028f470 Client:<nil> Intermediate:{ParentServer:{ URL: CAName:  } TLS:{Enabled:false CertFiles:[] Client:{KeyFile: CertFile:}} Enrollment:{ Name: Secret:**** Profile: Label: CSR:<nil> CAName: AttrReqs:[]  }} CRL:{Expiry:24h0m0s}}
2018/06/05 14:33:05 [DEBUG] DB: Getting identity peer1-org-weihai
2018/06/05 14:33:05 [DEBUG] DB: Login user peer1-org-weihai with max enrollments of -1 and state of 2
2018/06/05 14:33:05 [DEBUG] DB: identity peer2-org-weihai successfully logged in
2018/06/05 14:33:05 [DEBUG] Processing sign request: id=peer2-org-weihai, CommonName=peer2-org-weihai, Subject=<nil>
2018/06/05 14:33:05 [DEBUG] Request is not for a CA signing certificate
2018/06/05 14:33:05 [DEBUG] Checking CSR fields to make sure that they do not exceed maximum character limits
2018/06/05 14:33:05 [DEBUG] DB: Getting identity peer2-org-weihai
2018/06/05 14:33:05 [DEBUG] Finished processing sign request
2018/06/05 14:33:05 [DEBUG] DB: Getting identity peer2-org-weihai
2018/06/05 14:33:05 [DEBUG] Attribute extension being added to certificate is: &{ID:[1 2 3 4 5 6 7 8 1] Critical:false Value:7b226174747273223a7b2268662e416666696c696174696f6e223a226f72672d776569686169222c2268662e456e726f6c6c6d656e744944223a2270656572322d6f72672d776569686169222c2268662e54797065223a2270656572227d7d}
2018/06/05 14:33:05 [DEBUG] Adding attribute extension to CSR: &{ID:[1 2 3 4 5 6 7 8 1] Critical:false Value:7b226174747273223a7b2268662e416666696c696174696f6e223a226f72672d776569686169222c2268662e456e726f6c6c6d656e744944223a2270656572322d6f72672d776569686169222c2268662e54797065223a2270656572227d7d}
2018/06/05 14:33:05 [INFO] signed certificate with serial number 622335184171756825920588675183022374361100269286
2018/06/05 14:33:05 [DEBUG] DB: Insert Certificate
2018/06/05 14:33:05 [DEBUG] Saved serial number as hex 6d02798d47952e3c2bc296276971ee5359d136e6
2018/06/05 14:33:05 [DEBUG] saved certificate with serial number 622335184171756825920588675183022374361100269286
2018/06/05 14:33:05 [DEBUG] Successfully incremented state for identity peer2-org-weihai to 3
2018/06/05 14:33:05 [INFO] 172.19.0.7:33036 POST /enroll 201 0 "OK"
2018/06/05 14:33:05 [DEBUG] DB: identity peer1-org-weihai successfully logged in
2018/06/05 14:33:05 [DEBUG] Processing sign request: id=peer1-org-weihai, CommonName=peer1-org-weihai, Subject=<nil>
2018/06/05 14:33:05 [DEBUG] Request is not for a CA signing certificate
2018/06/05 14:33:05 [DEBUG] Checking CSR fields to make sure that they do not exceed maximum character limits
2018/06/05 14:33:05 [DEBUG] DB: Getting identity peer1-org-weihai
2018/06/05 14:33:05 [DEBUG] Finished processing sign request
2018/06/05 14:33:05 [DEBUG] DB: Getting identity peer1-org-weihai
2018/06/05 14:33:05 [DEBUG] Attribute extension being added to certificate is: &{ID:[1 2 3 4 5 6 7 8 1] Critical:false Value:7b226174747273223a7b2268662e416666696c696174696f6e223a226f72672d776569686169222c2268662e456e726f6c6c6d656e744944223a2270656572312d6f72672d776569686169222c2268662e54797065223a2270656572227d7d}
2018/06/05 14:33:05 [DEBUG] Adding attribute extension to CSR: &{ID:[1 2 3 4 5 6 7 8 1] Critical:false Value:7b226174747273223a7b2268662e416666696c696174696f6e223a226f72672d776569686169222c2268662e456e726f6c6c6d656e744944223a2270656572312d6f72672d776569686169222c2268662e54797065223a2270656572227d7d}
2018/06/05 14:33:05 [INFO] signed certificate with serial number 496020360704275044092945804597689215344814824034
2018/06/05 14:33:05 [DEBUG] DB: Insert Certificate
2018/06/05 14:33:05 [DEBUG] Saved serial number as hex 56e2527dc0741c417a14942b13b1872c95239a62
2018/06/05 14:33:05 [DEBUG] saved certificate with serial number 496020360704275044092945804597689215344814824034
2018/06/05 14:33:05 [DEBUG] Successfully incremented state for identity peer1-org-weihai to 3
2018/06/05 14:33:05 [INFO] 172.19.0.9:42436 POST /enroll 201 0 "OK"
