
Creating channel 'mychannel' on orderer1-org-order ...
[33m2018-06-06 10:52:28.724 UTC [msp] getPemMaterialFromDir -> WARN 001[0m Failed reading file /data/orgs/org-rockontrol/admin/msp/intermediatecerts/ca-org-rockontrol-7054.pem: no pem content for file /data/orgs/org-rockontrol/admin/msp/intermediatecerts/ca-org-rockontrol-7054.pem
[36m2018-06-06 10:52:28.746 UTC [msp] GetLocalMSP -> DEBU 002[0m Returning existing local MSP
[36m2018-06-06 10:52:28.746 UTC [msp] GetDefaultSigningIdentity -> DEBU 003[0m Obtaining default signing identity
2018-06-06 10:52:28.761 UTC [channelCmd] InitCmdFactory -> INFO 004[0m Endorser and orderer connections initialized
[36m2018-06-06 10:52:28.765 UTC [msp] GetLocalMSP -> DEBU 005[0m Returning existing local MSP
[36m2018-06-06 10:52:28.765 UTC [msp] GetDefaultSigningIdentity -> DEBU 006[0m Obtaining default signing identity
[36m2018-06-06 10:52:28.766 UTC [msp] GetLocalMSP -> DEBU 007[0m Returning existing local MSP
[36m2018-06-06 10:52:28.766 UTC [msp] GetDefaultSigningIdentity -> DEBU 008[0m Obtaining default signing identity
[36m2018-06-06 10:52:28.766 UTC [msp/identity] Sign -> DEBU 009[0m Sign: plaintext: 0AED080A116F72672D726F636B6F6E74...53616D706C65436F6E736F727469756D 
[36m2018-06-06 10:52:28.766 UTC [msp/identity] Sign -> DEBU 00a[0m Sign: digest: 22BA0DB1DC90AB74F8720566D0EF9E4CED30039FB675D6C0D01945EAA5CB36F0 
[36m2018-06-06 10:52:28.767 UTC [msp] GetLocalMSP -> DEBU 00b[0m Returning existing local MSP
[36m2018-06-06 10:52:28.767 UTC [msp] GetDefaultSigningIdentity -> DEBU 00c[0m Obtaining default signing identity
[36m2018-06-06 10:52:28.768 UTC [msp] GetLocalMSP -> DEBU 00d[0m Returning existing local MSP
[36m2018-06-06 10:52:28.768 UTC [msp] GetDefaultSigningIdentity -> DEBU 00e[0m Obtaining default signing identity
[36m2018-06-06 10:52:28.768 UTC [msp/identity] Sign -> DEBU 00f[0m Sign: plaintext: 0AA4090A1508021A0608ECF9DED80522...422527F004E6BF7E5C220B6ABF917705 
[36m2018-06-06 10:52:28.768 UTC [msp/identity] Sign -> DEBU 010[0m Sign: digest: 99341C74105B9BC9A5AE2AE0DABBCF02A7278F05F3C550970F581F66EF567E85 
[36m2018-06-06 10:52:28.916 UTC [msp] GetLocalMSP -> DEBU 011[0m Returning existing local MSP
[36m2018-06-06 10:52:28.916 UTC [msp] GetDefaultSigningIdentity -> DEBU 012[0m Obtaining default signing identity
[36m2018-06-06 10:52:28.916 UTC [msp] GetLocalMSP -> DEBU 013[0m Returning existing local MSP
[36m2018-06-06 10:52:28.916 UTC [msp] GetDefaultSigningIdentity -> DEBU 014[0m Obtaining default signing identity
[36m2018-06-06 10:52:28.916 UTC [msp/identity] Sign -> DEBU 015[0m Sign: plaintext: 0AC6090A3708021A0608ECF9DED80522...F5633429668A12080A021A0012021A00 
[36m2018-06-06 10:52:28.916 UTC [msp/identity] Sign -> DEBU 016[0m Sign: digest: 45115019DDFAB138CCF04EA85C940E21266D73E509162526B532C786F9C9EADA 
[36m2018-06-06 10:52:28.919 UTC [channelCmd] readBlock -> DEBU 017[0m Got status: &{NOT_FOUND}
[36m2018-06-06 10:52:28.922 UTC [msp] GetLocalMSP -> DEBU 018[0m Returning existing local MSP
[36m2018-06-06 10:52:28.922 UTC [msp] GetDefaultSigningIdentity -> DEBU 019[0m Obtaining default signing identity
2018-06-06 10:52:28.942 UTC [channelCmd] InitCmdFactory -> INFO 01a[0m Endorser and orderer connections initialized
[36m2018-06-06 10:52:29.143 UTC [msp] GetLocalMSP -> DEBU 01b[0m Returning existing local MSP
[36m2018-06-06 10:52:29.144 UTC [msp] GetDefaultSigningIdentity -> DEBU 01c[0m Obtaining default signing identity
[36m2018-06-06 10:52:29.146 UTC [msp] GetLocalMSP -> DEBU 01d[0m Returning existing local MSP
[36m2018-06-06 10:52:29.146 UTC [msp] GetDefaultSigningIdentity -> DEBU 01e[0m Obtaining default signing identity
[36m2018-06-06 10:52:29.146 UTC [msp/identity] Sign -> DEBU 01f[0m Sign: plaintext: 0AC6090A3708021A0608EDF9DED80522...CB459F6AEFE912080A021A0012021A00 
[36m2018-06-06 10:52:29.146 UTC [msp/identity] Sign -> DEBU 020[0m Sign: digest: 39BD88A6425ED6398AD4592AA102483F1CD13D7BF7B8583D0E36ABED296A2E0D 
[36m2018-06-06 10:52:29.198 UTC [channelCmd] readBlock -> DEBU 021[0m Received block: 0
2018-06-06 10:52:29.199 UTC [main] main -> INFO 022[0m Exiting.....
create channel completed.......
All peers join the channel
Peer peer1-org-rockontrol is attempting to join channel 'mychannel' (attempt #1) ...
[33m2018-06-06 10:52:29.257 UTC [msp] getPemMaterialFromDir -> WARN 001[0m Failed reading file /data/orgs/org-rockontrol/admin/msp/intermediatecerts/ca-org-rockontrol-7054.pem: no pem content for file /data/orgs/org-rockontrol/admin/msp/intermediatecerts/ca-org-rockontrol-7054.pem
[36m2018-06-06 10:52:29.279 UTC [msp] GetLocalMSP -> DEBU 002[0m Returning existing local MSP
[36m2018-06-06 10:52:29.279 UTC [msp] GetDefaultSigningIdentity -> DEBU 003[0m Obtaining default signing identity
2018-06-06 10:52:29.294 UTC [channelCmd] InitCmdFactory -> INFO 004[0m Endorser and orderer connections initialized
[36m2018-06-06 10:52:29.295 UTC [msp/identity] Sign -> DEBU 005[0m Sign: plaintext: 0AEB090A5C08011A0C08EDF9DED80510...020F0CEA07B71A080A000A000A000A00 
[36m2018-06-06 10:52:29.296 UTC [msp/identity] Sign -> DEBU 006[0m Sign: digest: D4BADC7716E10AA314DF789F9BBBC3D21BBEAE69C3B614DDA77736CCBD807C2B 
2018-06-06 10:52:29.431 UTC [channelCmd] executeJoin -> INFO 007[0m Successfully submitted proposal to join channel
2018-06-06 10:52:29.431 UTC [main] main -> INFO 008[0m Exiting.....
Peer peer1-org-rockontrol successfully joined channel 'mychannel'
Peer peer2-org-rockontrol is attempting to join channel 'mychannel' (attempt #1) ...
[33m2018-06-06 10:52:29.518 UTC [msp] getPemMaterialFromDir -> WARN 001[0m Failed reading file /data/orgs/org-rockontrol/admin/msp/intermediatecerts/ca-org-rockontrol-7054.pem: no pem content for file /data/orgs/org-rockontrol/admin/msp/intermediatecerts/ca-org-rockontrol-7054.pem
[36m2018-06-06 10:52:29.540 UTC [msp] GetLocalMSP -> DEBU 002[0m Returning existing local MSP
[36m2018-06-06 10:52:29.540 UTC [msp] GetDefaultSigningIdentity -> DEBU 003[0m Obtaining default signing identity
2018-06-06 10:52:29.559 UTC [channelCmd] InitCmdFactory -> INFO 004[0m Endorser and orderer connections initialized
[36m2018-06-06 10:52:29.560 UTC [msp/identity] Sign -> DEBU 005[0m Sign: plaintext: 0AEB090A5C08011A0C08EDF9DED80510...020F0CEA07B71A080A000A000A000A00 
[36m2018-06-06 10:52:29.561 UTC [msp/identity] Sign -> DEBU 006[0m Sign: digest: DD2B6A7A9372BB2B679BE5CB3816B76BACE56F2410A9B601DE9EFC2AA0DFD77E 
2018-06-06 10:52:29.697 UTC [channelCmd] executeJoin -> INFO 007[0m Successfully submitted proposal to join channel
2018-06-06 10:52:29.698 UTC [main] main -> INFO 008[0m Exiting.....
Peer peer2-org-rockontrol successfully joined channel 'mychannel'
Peer peer1-org-weihai is attempting to join channel 'mychannel' (attempt #1) ...
[33m2018-06-06 10:52:29.780 UTC [msp] getPemMaterialFromDir -> WARN 001[0m Failed reading file /data/orgs/org-weihai/admin/msp/intermediatecerts/ca-org-weihai-7054.pem: no pem content for file /data/orgs/org-weihai/admin/msp/intermediatecerts/ca-org-weihai-7054.pem
[36m2018-06-06 10:52:29.806 UTC [msp] GetLocalMSP -> DEBU 002[0m Returning existing local MSP
[36m2018-06-06 10:52:29.806 UTC [msp] GetDefaultSigningIdentity -> DEBU 003[0m Obtaining default signing identity
2018-06-06 10:52:29.819 UTC [channelCmd] InitCmdFactory -> INFO 004[0m Endorser and orderer connections initialized
[36m2018-06-06 10:52:29.820 UTC [msp/identity] Sign -> DEBU 005[0m Sign: plaintext: 0ACA090A5C08011A0C08EDF9DED80510...020F0CEA07B71A080A000A000A000A00 
[36m2018-06-06 10:52:29.820 UTC [msp/identity] Sign -> DEBU 006[0m Sign: digest: 137E70AE18DB84EDCF6DDE127EF337C01469037B79CAAF8D23E8CA8EA3D90012 
2018-06-06 10:52:30.954 UTC [channelCmd] executeJoin -> INFO 007[0m Successfully submitted proposal to join channel
2018-06-06 10:52:30.954 UTC [main] main -> INFO 008[0m Exiting.....
Peer peer1-org-weihai successfully joined channel 'mychannel'
Peer peer2-org-weihai is attempting to join channel 'mychannel' (attempt #1) ...
[33m2018-06-06 10:52:31.010 UTC [msp] getPemMaterialFromDir -> WARN 001[0m Failed reading file /data/orgs/org-weihai/admin/msp/intermediatecerts/ca-org-weihai-7054.pem: no pem content for file /data/orgs/org-weihai/admin/msp/intermediatecerts/ca-org-weihai-7054.pem
[36m2018-06-06 10:52:31.033 UTC [msp] GetLocalMSP -> DEBU 002[0m Returning existing local MSP
[36m2018-06-06 10:52:31.033 UTC [msp] GetDefaultSigningIdentity -> DEBU 003[0m Obtaining default signing identity
2018-06-06 10:52:31.048 UTC [channelCmd] InitCmdFactory -> INFO 004[0m Endorser and orderer connections initialized
[36m2018-06-06 10:52:31.049 UTC [msp/identity] Sign -> DEBU 005[0m Sign: plaintext: 0AC9090A5B08011A0B08EFF9DED80510...020F0CEA07B71A080A000A000A000A00 
[36m2018-06-06 10:52:31.049 UTC [msp/identity] Sign -> DEBU 006[0m Sign: digest: 6E9887AA9890DFF4882E9A639AA17B652B9B738BB290AEDC2464DA6ACEDCCF46 
2018-06-06 10:52:31.215 UTC [channelCmd] executeJoin -> INFO 007[0m Successfully submitted proposal to join channel
2018-06-06 10:52:31.217 UTC [main] main -> INFO 008[0m Exiting.....
Peer peer2-org-weihai successfully joined channel 'mychannel'
peers join channel completed.......
Update the anchor peers
Updating anchor peers for peer1-org-rockontrol ...
[33m2018-06-06 10:52:31.288 UTC [msp] getPemMaterialFromDir -> WARN 001[0m Failed reading file /data/orgs/org-rockontrol/admin/msp/intermediatecerts/ca-org-rockontrol-7054.pem: no pem content for file /data/orgs/org-rockontrol/admin/msp/intermediatecerts/ca-org-rockontrol-7054.pem
[36m2018-06-06 10:52:31.310 UTC [msp] GetLocalMSP -> DEBU 002[0m Returning existing local MSP
[36m2018-06-06 10:52:31.310 UTC [msp] GetDefaultSigningIdentity -> DEBU 003[0m Obtaining default signing identity
2018-06-06 10:52:31.324 UTC [channelCmd] InitCmdFactory -> INFO 004[0m Endorser and orderer connections initialized
[36m2018-06-06 10:52:31.330 UTC [msp] GetLocalMSP -> DEBU 005[0m Returning existing local MSP
[36m2018-06-06 10:52:31.330 UTC [msp] GetDefaultSigningIdentity -> DEBU 006[0m Obtaining default signing identity
[36m2018-06-06 10:52:31.332 UTC [msp] GetLocalMSP -> DEBU 007[0m Returning existing local MSP
[36m2018-06-06 10:52:31.333 UTC [msp] GetDefaultSigningIdentity -> DEBU 008[0m Obtaining default signing identity
[36m2018-06-06 10:52:31.333 UTC [msp/identity] Sign -> DEBU 009[0m Sign: plaintext: 0AED080A116F72672D726F636B6F6E74...2A0641646D696E732A0641646D696E73 
[36m2018-06-06 10:52:31.333 UTC [msp/identity] Sign -> DEBU 00a[0m Sign: digest: 67DF2D9B59E37389A264A4F1937A2A97BBF1C410AD0E741266B11F754D9C8513 
[36m2018-06-06 10:52:31.334 UTC [msp] GetLocalMSP -> DEBU 00b[0m Returning existing local MSP
[36m2018-06-06 10:52:31.334 UTC [msp] GetDefaultSigningIdentity -> DEBU 00c[0m Obtaining default signing identity
[36m2018-06-06 10:52:31.335 UTC [msp] GetLocalMSP -> DEBU 00d[0m Returning existing local MSP
[36m2018-06-06 10:52:31.336 UTC [msp] GetDefaultSigningIdentity -> DEBU 00e[0m Obtaining default signing identity
[36m2018-06-06 10:52:31.336 UTC [msp/identity] Sign -> DEBU 00f[0m Sign: plaintext: 0AA4090A1508021A0608EFF9DED80522...3B68584E6F292C6BF4C20C926F4EC720 
[36m2018-06-06 10:52:31.336 UTC [msp/identity] Sign -> DEBU 010[0m Sign: digest: 3AE603E80D2B16CE14CC017F4CDBCE6AB168369D5CCB9A7D4E0186D0A560113F 
2018-06-06 10:52:31.417 UTC [channelCmd] update -> INFO 011[0m Successfully submitted channel update
2018-06-06 10:52:31.417 UTC [main] main -> INFO 012[0m Exiting.....
Updating anchor peers for peer1-org-weihai ...
[33m2018-06-06 10:52:31.486 UTC [msp] getPemMaterialFromDir -> WARN 001[0m Failed reading file /data/orgs/org-weihai/admin/msp/intermediatecerts/ca-org-weihai-7054.pem: no pem content for file /data/orgs/org-weihai/admin/msp/intermediatecerts/ca-org-weihai-7054.pem
[36m2018-06-06 10:52:31.507 UTC [msp] GetLocalMSP -> DEBU 002[0m Returning existing local MSP
[36m2018-06-06 10:52:31.507 UTC [msp] GetDefaultSigningIdentity -> DEBU 003[0m Obtaining default signing identity
2018-06-06 10:52:31.520 UTC [channelCmd] InitCmdFactory -> INFO 004[0m Endorser and orderer connections initialized
[36m2018-06-06 10:52:31.528 UTC [msp] GetLocalMSP -> DEBU 005[0m Returning existing local MSP
[36m2018-06-06 10:52:31.529 UTC [msp] GetDefaultSigningIdentity -> DEBU 006[0m Obtaining default signing identity
[36m2018-06-06 10:52:31.531 UTC [msp] GetLocalMSP -> DEBU 007[0m Returning existing local MSP
[36m2018-06-06 10:52:31.532 UTC [msp] GetDefaultSigningIdentity -> DEBU 008[0m Obtaining default signing identity
[36m2018-06-06 10:52:31.532 UTC [msp/identity] Sign -> DEBU 009[0m Sign: plaintext: 0ACC080A0D6F72672D7765696861694D...2A0641646D696E732A0641646D696E73 
[36m2018-06-06 10:52:31.532 UTC [msp/identity] Sign -> DEBU 00a[0m Sign: digest: 34392E4016FCE0AFF6BA333B549E66083935F5C29D1BB29E86858E5910488915 
[36m2018-06-06 10:52:31.534 UTC [msp] GetLocalMSP -> DEBU 00b[0m Returning existing local MSP
[36m2018-06-06 10:52:31.534 UTC [msp] GetDefaultSigningIdentity -> DEBU 00c[0m Obtaining default signing identity
[36m2018-06-06 10:52:31.535 UTC [msp] GetLocalMSP -> DEBU 00d[0m Returning existing local MSP
[36m2018-06-06 10:52:31.536 UTC [msp] GetDefaultSigningIdentity -> DEBU 00e[0m Obtaining default signing identity
[36m2018-06-06 10:52:31.536 UTC [msp/identity] Sign -> DEBU 00f[0m Sign: plaintext: 0A83090A1508021A0608EFF9DED80522...19ED3561E0B69C0903EA1D97E8AC5162 
[36m2018-06-06 10:52:31.537 UTC [msp/identity] Sign -> DEBU 010[0m Sign: digest: 7501E9A4E6517E1D4F6832635E17EE6E6FF58FC0FCD59BADF89FBECEF68DD07E 
2018-06-06 10:52:31.581 UTC [channelCmd] update -> INFO 011[0m Successfully submitted channel update
2018-06-06 10:52:31.581 UTC [main] main -> INFO 012[0m Exiting.....
Update the anchor peers completed.......
Install chaincode on the 1st peer in each org
Installing chaincode on peer1-org-rockontrol ...
[33m2018-06-06 10:52:41.681 UTC [msp] getPemMaterialFromDir -> WARN 001[0m Failed reading file /data/orgs/org-rockontrol/admin/msp/intermediatecerts/ca-org-rockontrol-7054.pem: no pem content for file /data/orgs/org-rockontrol/admin/msp/intermediatecerts/ca-org-rockontrol-7054.pem
[36m2018-06-06 10:52:41.721 UTC [msp] GetLocalMSP -> DEBU 002[0m Returning existing local MSP
[36m2018-06-06 10:52:41.722 UTC [msp] GetDefaultSigningIdentity -> DEBU 003[0m Obtaining default signing identity
2018-06-06 10:52:41.722 UTC [chaincodeCmd] checkChaincodeCmdParams -> INFO 004[0m Using default escc
2018-06-06 10:52:41.723 UTC [chaincodeCmd] checkChaincodeCmdParams -> INFO 005[0m Using default vscc
[36m2018-06-06 10:52:41.723 UTC [chaincodeCmd] getChaincodeSpec -> DEBU 006[0m java chaincode disabled
[36m2018-06-06 10:52:41.781 UTC [golang-platform] getCodeFromFS -> DEBU 007[0m getCodeFromFS github.com/hyperledger/fabric-samples/chaincode/abac/go
[36m2018-06-06 10:52:42.060 UTC [golang-platform] func1 -> DEBU 008[0m Discarding GOROOT package fmt
[36m2018-06-06 10:52:42.060 UTC [golang-platform] func1 -> DEBU 009[0m Accepting import: github.com/hyperledger/fabric-samples/chaincode/abac/go/vendor/github.com/hyperledger/fabric/core/chaincode/lib/cid
[36m2018-06-06 10:52:42.060 UTC [golang-platform] func1 -> DEBU 00a[0m Discarding provided package github.com/hyperledger/fabric/core/chaincode/shim
[36m2018-06-06 10:52:42.060 UTC [golang-platform] func1 -> DEBU 00b[0m Discarding provided package github.com/hyperledger/fabric/protos/peer
[36m2018-06-06 10:52:42.060 UTC [golang-platform] func1 -> DEBU 00c[0m Discarding GOROOT package strconv
[36m2018-06-06 10:52:42.312 UTC [golang-platform] func1 -> DEBU 00d[0m skipping dir: /opt/gopath/src/github.com/hyperledger/fabric-samples/chaincode/abac/go/vendor
[36m2018-06-06 10:52:42.312 UTC [golang-platform] GetDeploymentPayload -> DEBU 00e[0m processing dep: crypto
[36m2018-06-06 10:52:42.312 UTC [golang-platform] GetDeploymentPayload -> DEBU 00f[0m checking: /opt/gopath/src/crypto exists: false
[36m2018-06-06 10:52:42.312 UTC [golang-platform] GetDeploymentPayload -> DEBU 010[0m processing dep: crypto/rand
[36m2018-06-06 10:52:42.312 UTC [golang-platform] GetDeploymentPayload -> DEBU 011[0m checking: /opt/gopath/src/crypto/rand exists: false
[36m2018-06-06 10:52:42.312 UTC [golang-platform] GetDeploymentPayload -> DEBU 012[0m processing dep: crypto/sha1
[36m2018-06-06 10:52:42.312 UTC [golang-platform] GetDeploymentPayload -> DEBU 013[0m checking: /opt/gopath/src/crypto/sha1 exists: false
[36m2018-06-06 10:52:42.312 UTC [golang-platform] GetDeploymentPayload -> DEBU 014[0m processing dep: unicode/utf8
[36m2018-06-06 10:52:42.312 UTC [golang-platform] GetDeploymentPayload -> DEBU 015[0m checking: /opt/gopath/src/unicode/utf8 exists: false
[36m2018-06-06 10:52:42.312 UTC [golang-platform] GetDeploymentPayload -> DEBU 016[0m processing dep: unicode/utf16
[36m2018-06-06 10:52:42.312 UTC [golang-platform] GetDeploymentPayload -> DEBU 017[0m checking: /opt/gopath/src/unicode/utf16 exists: false
[36m2018-06-06 10:52:42.312 UTC [golang-platform] GetDeploymentPayload -> DEBU 018[0m processing dep: crypto/internal/cipherhw
[36m2018-06-06 10:52:42.312 UTC [golang-platform] GetDeploymentPayload -> DEBU 019[0m checking: /opt/gopath/src/crypto/internal/cipherhw exists: false
[36m2018-06-06 10:52:42.312 UTC [golang-platform] GetDeploymentPayload -> DEBU 01a[0m processing dep: crypto/sha512
[36m2018-06-06 10:52:42.312 UTC [golang-platform] GetDeploymentPayload -> DEBU 01b[0m checking: /opt/gopath/src/crypto/sha512 exists: false
[36m2018-06-06 10:52:42.312 UTC [golang-platform] GetDeploymentPayload -> DEBU 01c[0m processing dep: encoding/base64
[36m2018-06-06 10:52:42.312 UTC [golang-platform] GetDeploymentPayload -> DEBU 01d[0m checking: /opt/gopath/src/encoding/base64 exists: false
[36m2018-06-06 10:52:42.312 UTC [golang-platform] GetDeploymentPayload -> DEBU 01e[0m processing dep: fmt
[36m2018-06-06 10:52:42.312 UTC [golang-platform] GetDeploymentPayload -> DEBU 01f[0m checking: /opt/gopath/src/fmt exists: false
[36m2018-06-06 10:52:42.312 UTC [golang-platform] GetDeploymentPayload -> DEBU 020[0m processing dep: math/bits
[36m2018-06-06 10:52:42.312 UTC [golang-platform] GetDeploymentPayload -> DEBU 021[0m checking: /opt/gopath/src/math/bits exists: false
[36m2018-06-06 10:52:42.312 UTC [golang-platform] GetDeploymentPayload -> DEBU 022[0m processing dep: crypto/sha256
[36m2018-06-06 10:52:42.312 UTC [golang-platform] GetDeploymentPayload -> DEBU 023[0m checking: /opt/gopath/src/crypto/sha256 exists: false
[36m2018-06-06 10:52:42.312 UTC [golang-platform] GetDeploymentPayload -> DEBU 024[0m processing dep: sort
[36m2018-06-06 10:52:42.312 UTC [golang-platform] GetDeploymentPayload -> DEBU 025[0m checking: /opt/gopath/src/sort exists: false
[36m2018-06-06 10:52:42.312 UTC [golang-platform] GetDeploymentPayload -> DEBU 026[0m processing dep: internal/nettrace
[36m2018-06-06 10:52:42.312 UTC [golang-platform] GetDeploymentPayload -> DEBU 027[0m checking: /opt/gopath/src/internal/nettrace exists: false
[36m2018-06-06 10:52:42.312 UTC [golang-platform] GetDeploymentPayload -> DEBU 028[0m processing dep: internal/race
[36m2018-06-06 10:52:42.312 UTC [golang-platform] GetDeploymentPayload -> DEBU 029[0m checking: /opt/gopath/src/internal/race exists: false
[36m2018-06-06 10:52:42.312 UTC [golang-platform] GetDeploymentPayload -> DEBU 02a[0m processing dep: internal/syscall/unix
[36m2018-06-06 10:52:42.312 UTC [golang-platform] GetDeploymentPayload -> DEBU 02b[0m checking: /opt/gopath/src/internal/syscall/unix exists: false
[36m2018-06-06 10:52:42.312 UTC [golang-platform] GetDeploymentPayload -> DEBU 02c[0m processing dep: math/big
[36m2018-06-06 10:52:42.312 UTC [golang-platform] GetDeploymentPayload -> DEBU 02d[0m checking: /opt/gopath/src/math/big exists: false
[36m2018-06-06 10:52:42.312 UTC [golang-platform] GetDeploymentPayload -> DEBU 02e[0m processing dep: context
[36m2018-06-06 10:52:42.313 UTC [golang-platform] GetDeploymentPayload -> DEBU 02f[0m checking: /opt/gopath/src/context exists: false
[36m2018-06-06 10:52:42.313 UTC [golang-platform] GetDeploymentPayload -> DEBU 030[0m processing dep: crypto/des
[36m2018-06-06 10:52:42.313 UTC [golang-platform] GetDeploymentPayload -> DEBU 031[0m checking: /opt/gopath/src/crypto/des exists: false
[36m2018-06-06 10:52:42.313 UTC [golang-platform] GetDeploymentPayload -> DEBU 032[0m processing dep: math
[36m2018-06-06 10:52:42.313 UTC [golang-platform] GetDeploymentPayload -> DEBU 033[0m checking: /opt/gopath/src/math exists: false
[36m2018-06-06 10:52:42.313 UTC [golang-platform] GetDeploymentPayload -> DEBU 034[0m processing dep: crypto/x509
[36m2018-06-06 10:52:42.313 UTC [golang-platform] GetDeploymentPayload -> DEBU 035[0m checking: /opt/gopath/src/crypto/x509 exists: false
[36m2018-06-06 10:52:42.313 UTC [golang-platform] GetDeploymentPayload -> DEBU 036[0m processing dep: github.com/hyperledger/fabric-samples/chaincode/abac/go/vendor/github.com/pkg/errors
[36m2018-06-06 10:52:42.314 UTC [golang-platform] GetDeploymentPayload -> DEBU 037[0m checking: /opt/gopath/src/github.com/hyperledger/fabric-samples/chaincode/abac/go/vendor/github.com/pkg/errors exists: true
[36m2018-06-06 10:52:42.319 UTC [golang-platform] GetDeploymentPayload -> DEBU 038[0m processing dep: log
[36m2018-06-06 10:52:42.319 UTC [golang-platform] GetDeploymentPayload -> DEBU 039[0m checking: /opt/gopath/src/log exists: false
[36m2018-06-06 10:52:42.319 UTC [golang-platform] GetDeploymentPayload -> DEBU 03a[0m processing dep: sync/atomic
[36m2018-06-06 10:52:42.319 UTC [golang-platform] GetDeploymentPayload -> DEBU 03b[0m checking: /opt/gopath/src/sync/atomic exists: false
[36m2018-06-06 10:52:42.319 UTC [golang-platform] GetDeploymentPayload -> DEBU 03c[0m processing dep: unsafe
[36m2018-06-06 10:52:42.319 UTC [golang-platform] GetDeploymentPayload -> DEBU 03d[0m checking: /opt/gopath/src/unsafe exists: false
[36m2018-06-06 10:52:42.319 UTC [golang-platform] GetDeploymentPayload -> DEBU 03e[0m processing dep: crypto/aes
[36m2018-06-06 10:52:42.319 UTC [golang-platform] GetDeploymentPayload -> DEBU 03f[0m checking: /opt/gopath/src/crypto/aes exists: false
[36m2018-06-06 10:52:42.319 UTC [golang-platform] GetDeploymentPayload -> DEBU 040[0m processing dep: encoding
[36m2018-06-06 10:52:42.319 UTC [golang-platform] GetDeploymentPayload -> DEBU 041[0m checking: /opt/gopath/src/encoding exists: false
[36m2018-06-06 10:52:42.319 UTC [golang-platform] GetDeploymentPayload -> DEBU 042[0m processing dep: encoding/asn1
[36m2018-06-06 10:52:42.319 UTC [golang-platform] GetDeploymentPayload -> DEBU 043[0m checking: /opt/gopath/src/encoding/asn1 exists: false
[36m2018-06-06 10:52:42.319 UTC [golang-platform] GetDeploymentPayload -> DEBU 044[0m processing dep: hash
[36m2018-06-06 10:52:42.319 UTC [golang-platform] GetDeploymentPayload -> DEBU 045[0m checking: /opt/gopath/src/hash exists: false
[36m2018-06-06 10:52:42.319 UTC [golang-platform] GetDeploymentPayload -> DEBU 046[0m processing dep: reflect
[36m2018-06-06 10:52:42.319 UTC [golang-platform] GetDeploymentPayload -> DEBU 047[0m checking: /opt/gopath/src/reflect exists: false
[36m2018-06-06 10:52:42.319 UTC [golang-platform] GetDeploymentPayload -> DEBU 048[0m processing dep: github.com/hyperledger/fabric/protos/msp
[36m2018-06-06 10:52:42.319 UTC [golang-platform] GetDeploymentPayload -> DEBU 049[0m checking: /opt/gopath/src/github.com/hyperledger/fabric/protos/msp exists: false
[36m2018-06-06 10:52:42.319 UTC [golang-platform] GetDeploymentPayload -> DEBU 04a[0m processing dep: internal/cpu
[36m2018-06-06 10:52:42.319 UTC [golang-platform] GetDeploymentPayload -> DEBU 04b[0m checking: /opt/gopath/src/internal/cpu exists: false
[36m2018-06-06 10:52:42.319 UTC [golang-platform] GetDeploymentPayload -> DEBU 04c[0m processing dep: internal/singleflight
[36m2018-06-06 10:52:42.320 UTC [golang-platform] GetDeploymentPayload -> DEBU 04d[0m checking: /opt/gopath/src/internal/singleflight exists: false
[36m2018-06-06 10:52:42.320 UTC [golang-platform] GetDeploymentPayload -> DEBU 04e[0m processing dep: math/rand
[36m2018-06-06 10:52:42.320 UTC [golang-platform] GetDeploymentPayload -> DEBU 04f[0m checking: /opt/gopath/src/math/rand exists: false
[36m2018-06-06 10:52:42.321 UTC [golang-platform] GetDeploymentPayload -> DEBU 050[0m processing dep: sync
[36m2018-06-06 10:52:42.321 UTC [golang-platform] GetDeploymentPayload -> DEBU 051[0m checking: /opt/gopath/src/sync exists: false
[36m2018-06-06 10:52:42.321 UTC [golang-platform] GetDeploymentPayload -> DEBU 052[0m processing dep: github.com/hyperledger/fabric-samples/chaincode/abac/go/vendor/github.com/hyperledger/fabric/core/chaincode/lib/cid
[36m2018-06-06 10:52:42.324 UTC [golang-platform] GetDeploymentPayload -> DEBU 053[0m checking: /opt/gopath/src/github.com/hyperledger/fabric-samples/chaincode/abac/go/vendor/github.com/hyperledger/fabric/core/chaincode/lib/cid exists: true
[36m2018-06-06 10:52:42.329 UTC [golang-platform] GetDeploymentPayload -> DEBU 054[0m processing dep: crypto/cipher
[36m2018-06-06 10:52:42.329 UTC [golang-platform] GetDeploymentPayload -> DEBU 055[0m checking: /opt/gopath/src/crypto/cipher exists: false
[36m2018-06-06 10:52:42.329 UTC [golang-platform] GetDeploymentPayload -> DEBU 056[0m processing dep: crypto/subtle
[36m2018-06-06 10:52:42.330 UTC [golang-platform] GetDeploymentPayload -> DEBU 057[0m checking: /opt/gopath/src/crypto/subtle exists: false
[36m2018-06-06 10:52:42.330 UTC [golang-platform] GetDeploymentPayload -> DEBU 058[0m processing dep: internal/poll
[36m2018-06-06 10:52:42.330 UTC [golang-platform] GetDeploymentPayload -> DEBU 059[0m checking: /opt/gopath/src/internal/poll exists: false
[36m2018-06-06 10:52:42.330 UTC [golang-platform] GetDeploymentPayload -> DEBU 05a[0m processing dep: net
[36m2018-06-06 10:52:42.331 UTC [golang-platform] GetDeploymentPayload -> DEBU 05b[0m checking: /opt/gopath/src/net exists: false
[36m2018-06-06 10:52:42.331 UTC [golang-platform] GetDeploymentPayload -> DEBU 05c[0m processing dep: encoding/hex
[36m2018-06-06 10:52:42.331 UTC [golang-platform] GetDeploymentPayload -> DEBU 05d[0m checking: /opt/gopath/src/encoding/hex exists: false
[36m2018-06-06 10:52:42.331 UTC [golang-platform] GetDeploymentPayload -> DEBU 05e[0m processing dep: os
[36m2018-06-06 10:52:42.331 UTC [golang-platform] GetDeploymentPayload -> DEBU 05f[0m checking: /opt/gopath/src/os exists: false
[36m2018-06-06 10:52:42.331 UTC [golang-platform] GetDeploymentPayload -> DEBU 060[0m processing dep: path
[36m2018-06-06 10:52:42.331 UTC [golang-platform] GetDeploymentPayload -> DEBU 061[0m checking: /opt/gopath/src/path exists: false
[36m2018-06-06 10:52:42.332 UTC [golang-platform] GetDeploymentPayload -> DEBU 062[0m processing dep: path/filepath
[36m2018-06-06 10:52:42.332 UTC [golang-platform] GetDeploymentPayload -> DEBU 063[0m checking: /opt/gopath/src/path/filepath exists: false
[36m2018-06-06 10:52:42.332 UTC [golang-platform] GetDeploymentPayload -> DEBU 064[0m processing dep: crypto/ecdsa
[36m2018-06-06 10:52:42.332 UTC [golang-platform] GetDeploymentPayload -> DEBU 065[0m checking: /opt/gopath/src/crypto/ecdsa exists: false
[36m2018-06-06 10:52:42.332 UTC [golang-platform] GetDeploymentPayload -> DEBU 066[0m processing dep: encoding/binary
[36m2018-06-06 10:52:42.332 UTC [golang-platform] GetDeploymentPayload -> DEBU 067[0m checking: /opt/gopath/src/encoding/binary exists: false
[36m2018-06-06 10:52:42.332 UTC [golang-platform] GetDeploymentPayload -> DEBU 068[0m processing dep: runtime/internal/atomic
[36m2018-06-06 10:52:42.332 UTC [golang-platform] GetDeploymentPayload -> DEBU 069[0m checking: /opt/gopath/src/runtime/internal/atomic exists: false
[36m2018-06-06 10:52:42.333 UTC [golang-platform] GetDeploymentPayload -> DEBU 06a[0m processing dep: runtime/internal/sys
[36m2018-06-06 10:52:42.333 UTC [golang-platform] GetDeploymentPayload -> DEBU 06b[0m checking: /opt/gopath/src/runtime/internal/sys exists: false
[36m2018-06-06 10:52:42.333 UTC [golang-platform] GetDeploymentPayload -> DEBU 06c[0m processing dep: crypto/md5
[36m2018-06-06 10:52:42.333 UTC [golang-platform] GetDeploymentPayload -> DEBU 06d[0m checking: /opt/gopath/src/crypto/md5 exists: false
[36m2018-06-06 10:52:42.333 UTC [golang-platform] GetDeploymentPayload -> DEBU 06e[0m processing dep: crypto/rsa
[36m2018-06-06 10:52:42.333 UTC [golang-platform] GetDeploymentPayload -> DEBU 06f[0m checking: /opt/gopath/src/crypto/rsa exists: false
[36m2018-06-06 10:52:42.333 UTC [golang-platform] GetDeploymentPayload -> DEBU 070[0m processing dep: crypto/x509/pkix
[36m2018-06-06 10:52:42.333 UTC [golang-platform] GetDeploymentPayload -> DEBU 071[0m checking: /opt/gopath/src/crypto/x509/pkix exists: false
[36m2018-06-06 10:52:42.333 UTC [golang-platform] GetDeploymentPayload -> DEBU 072[0m processing dep: github.com/hyperledger/fabric-samples/chaincode/abac/go/vendor/github.com/golang/protobuf/proto
[36m2018-06-06 10:52:42.336 UTC [golang-platform] GetDeploymentPayload -> DEBU 073[0m checking: /opt/gopath/src/github.com/hyperledger/fabric-samples/chaincode/abac/go/vendor/github.com/golang/protobuf/proto exists: true
[36m2018-06-06 10:52:42.360 UTC [golang-platform] GetDeploymentPayload -> DEBU 074[0m processing dep: io
[36m2018-06-06 10:52:42.360 UTC [golang-platform] GetDeploymentPayload -> DEBU 075[0m checking: /opt/gopath/src/io exists: false
[36m2018-06-06 10:52:42.360 UTC [golang-platform] GetDeploymentPayload -> DEBU 076[0m processing dep: bufio
[36m2018-06-06 10:52:42.361 UTC [golang-platform] GetDeploymentPayload -> DEBU 077[0m checking: /opt/gopath/src/bufio exists: false
[36m2018-06-06 10:52:42.361 UTC [golang-platform] GetDeploymentPayload -> DEBU 078[0m processing dep: crypto/dsa
[36m2018-06-06 10:52:42.361 UTC [golang-platform] GetDeploymentPayload -> DEBU 079[0m checking: /opt/gopath/src/crypto/dsa exists: false
[36m2018-06-06 10:52:42.361 UTC [golang-platform] GetDeploymentPayload -> DEBU 07a[0m processing dep: crypto/elliptic
[36m2018-06-06 10:52:42.366 UTC [golang-platform] GetDeploymentPayload -> DEBU 07b[0m checking: /opt/gopath/src/crypto/elliptic exists: false
[36m2018-06-06 10:52:42.371 UTC [golang-platform] GetDeploymentPayload -> DEBU 07c[0m processing dep: github.com/hyperledger/fabric-samples/chaincode/abac/go/vendor/github.com/hyperledger/fabric/common/attrmgr
[36m2018-06-06 10:52:42.379 UTC [golang-platform] GetDeploymentPayload -> DEBU 07d[0m checking: /opt/gopath/src/github.com/hyperledger/fabric-samples/chaincode/abac/go/vendor/github.com/hyperledger/fabric/common/attrmgr exists: true
[36m2018-06-06 10:52:42.382 UTC [golang-platform] GetDeploymentPayload -> DEBU 07e[0m processing dep: runtime
[36m2018-06-06 10:52:42.382 UTC [golang-platform] GetDeploymentPayload -> DEBU 07f[0m checking: /opt/gopath/src/runtime exists: false
[36m2018-06-06 10:52:42.383 UTC [golang-platform] GetDeploymentPayload -> DEBU 080[0m processing dep: bytes
[36m2018-06-06 10:52:42.383 UTC [golang-platform] GetDeploymentPayload -> DEBU 081[0m checking: /opt/gopath/src/bytes exists: false
[36m2018-06-06 10:52:42.384 UTC [golang-platform] GetDeploymentPayload -> DEBU 082[0m processing dep: encoding/json
[36m2018-06-06 10:52:42.384 UTC [golang-platform] GetDeploymentPayload -> DEBU 083[0m checking: /opt/gopath/src/encoding/json exists: false
[36m2018-06-06 10:52:42.384 UTC [golang-platform] GetDeploymentPayload -> DEBU 084[0m processing dep: encoding/pem
[36m2018-06-06 10:52:42.384 UTC [golang-platform] GetDeploymentPayload -> DEBU 085[0m checking: /opt/gopath/src/encoding/pem exists: false
[36m2018-06-06 10:52:42.386 UTC [golang-platform] GetDeploymentPayload -> DEBU 086[0m processing dep: strings
[36m2018-06-06 10:52:42.386 UTC [golang-platform] GetDeploymentPayload -> DEBU 087[0m checking: /opt/gopath/src/strings exists: false
[36m2018-06-06 10:52:42.386 UTC [golang-platform] GetDeploymentPayload -> DEBU 088[0m processing dep: syscall
[36m2018-06-06 10:52:42.387 UTC [golang-platform] GetDeploymentPayload -> DEBU 089[0m checking: /opt/gopath/src/syscall exists: false
[36m2018-06-06 10:52:42.387 UTC [golang-platform] GetDeploymentPayload -> DEBU 08a[0m processing dep: unicode
[36m2018-06-06 10:52:42.387 UTC [golang-platform] GetDeploymentPayload -> DEBU 08b[0m checking: /opt/gopath/src/unicode exists: false
[36m2018-06-06 10:52:42.387 UTC [golang-platform] GetDeploymentPayload -> DEBU 08c[0m processing dep: errors
[36m2018-06-06 10:52:42.387 UTC [golang-platform] GetDeploymentPayload -> DEBU 08d[0m checking: /opt/gopath/src/errors exists: false
[36m2018-06-06 10:52:42.387 UTC [golang-platform] GetDeploymentPayload -> DEBU 08e[0m processing dep: io/ioutil
[36m2018-06-06 10:52:42.387 UTC [golang-platform] GetDeploymentPayload -> DEBU 08f[0m checking: /opt/gopath/src/io/ioutil exists: false
[36m2018-06-06 10:52:42.387 UTC [golang-platform] GetDeploymentPayload -> DEBU 090[0m processing dep: runtime/cgo
[36m2018-06-06 10:52:42.388 UTC [golang-platform] GetDeploymentPayload -> DEBU 091[0m checking: /opt/gopath/src/runtime/cgo exists: false
[36m2018-06-06 10:52:42.388 UTC [golang-platform] GetDeploymentPayload -> DEBU 092[0m processing dep: strconv
[36m2018-06-06 10:52:42.388 UTC [golang-platform] GetDeploymentPayload -> DEBU 093[0m checking: /opt/gopath/src/strconv exists: false
[36m2018-06-06 10:52:42.388 UTC [golang-platform] GetDeploymentPayload -> DEBU 094[0m processing dep: time
[36m2018-06-06 10:52:42.389 UTC [golang-platform] GetDeploymentPayload -> DEBU 095[0m checking: /opt/gopath/src/time exists: false
[36m2018-06-06 10:52:42.389 UTC [golang-platform] GetDeploymentPayload -> DEBU 096[0m done
[36m2018-06-06 10:52:42.389 UTC [container] WriteFileToPackage -> DEBU 097[0m Writing file to tarball: src/github.com/hyperledger/fabric-samples/chaincode/abac/go/abac.go
[36m2018-06-06 10:52:42.395 UTC [container] WriteFileToPackage -> DEBU 098[0m Writing file to tarball: src/github.com/hyperledger/fabric-samples/chaincode/abac/go/vendor/github.com/golang/protobuf/proto/clone.go
[36m2018-06-06 10:52:42.399 UTC [container] WriteFileToPackage -> DEBU 099[0m Writing file to tarball: src/github.com/hyperledger/fabric-samples/chaincode/abac/go/vendor/github.com/golang/protobuf/proto/decode.go
[36m2018-06-06 10:52:42.411 UTC [container] WriteFileToPackage -> DEBU 09a[0m Writing file to tarball: src/github.com/hyperledger/fabric-samples/chaincode/abac/go/vendor/github.com/golang/protobuf/proto/discard.go
[36m2018-06-06 10:52:42.416 UTC [container] WriteFileToPackage -> DEBU 09b[0m Writing file to tarball: src/github.com/hyperledger/fabric-samples/chaincode/abac/go/vendor/github.com/golang/protobuf/proto/encode.go
[36m2018-06-06 10:52:42.420 UTC [container] WriteFileToPackage -> DEBU 09c[0m Writing file to tarball: src/github.com/hyperledger/fabric-samples/chaincode/abac/go/vendor/github.com/golang/protobuf/proto/equal.go
[36m2018-06-06 10:52:42.423 UTC [container] WriteFileToPackage -> DEBU 09d[0m Writing file to tarball: src/github.com/hyperledger/fabric-samples/chaincode/abac/go/vendor/github.com/golang/protobuf/proto/extensions.go
[36m2018-06-06 10:52:42.426 UTC [container] WriteFileToPackage -> DEBU 09e[0m Writing file to tarball: src/github.com/hyperledger/fabric-samples/chaincode/abac/go/vendor/github.com/golang/protobuf/proto/lib.go
[36m2018-06-06 10:52:42.431 UTC [container] WriteFileToPackage -> DEBU 09f[0m Writing file to tarball: src/github.com/hyperledger/fabric-samples/chaincode/abac/go/vendor/github.com/golang/protobuf/proto/message_set.go
[36m2018-06-06 10:52:42.438 UTC [container] WriteFileToPackage -> DEBU 0a0[0m Writing file to tarball: src/github.com/hyperledger/fabric-samples/chaincode/abac/go/vendor/github.com/golang/protobuf/proto/pointer_reflect.go
[36m2018-06-06 10:52:42.445 UTC [container] WriteFileToPackage -> DEBU 0a1[0m Writing file to tarball: src/github.com/hyperledger/fabric-samples/chaincode/abac/go/vendor/github.com/golang/protobuf/proto/pointer_unsafe.go
[36m2018-06-06 10:52:42.447 UTC [container] WriteFileToPackage -> DEBU 0a2[0m Writing file to tarball: src/github.com/hyperledger/fabric-samples/chaincode/abac/go/vendor/github.com/golang/protobuf/proto/properties.go
[36m2018-06-06 10:52:42.451 UTC [container] WriteFileToPackage -> DEBU 0a3[0m Writing file to tarball: src/github.com/hyperledger/fabric-samples/chaincode/abac/go/vendor/github.com/golang/protobuf/proto/text.go
[36m2018-06-06 10:52:42.457 UTC [container] WriteFileToPackage -> DEBU 0a4[0m Writing file to tarball: src/github.com/hyperledger/fabric-samples/chaincode/abac/go/vendor/github.com/golang/protobuf/proto/text_parser.go
[36m2018-06-06 10:52:42.461 UTC [container] WriteFileToPackage -> DEBU 0a5[0m Writing file to tarball: src/github.com/hyperledger/fabric-samples/chaincode/abac/go/vendor/github.com/hyperledger/fabric/common/attrmgr/attrmgr.go
[36m2018-06-06 10:52:42.465 UTC [container] WriteFileToPackage -> DEBU 0a6[0m Writing file to tarball: src/github.com/hyperledger/fabric-samples/chaincode/abac/go/vendor/github.com/hyperledger/fabric/core/chaincode/lib/cid/cid.go
[36m2018-06-06 10:52:42.469 UTC [container] WriteFileToPackage -> DEBU 0a7[0m Writing file to tarball: src/github.com/hyperledger/fabric-samples/chaincode/abac/go/vendor/github.com/hyperledger/fabric/core/chaincode/lib/cid/interfaces.go
[36m2018-06-06 10:52:42.472 UTC [container] WriteFileToPackage -> DEBU 0a8[0m Writing file to tarball: src/github.com/hyperledger/fabric-samples/chaincode/abac/go/vendor/github.com/pkg/errors/errors.go
[36m2018-06-06 10:52:42.477 UTC [container] WriteFileToPackage -> DEBU 0a9[0m Writing file to tarball: src/github.com/hyperledger/fabric-samples/chaincode/abac/go/vendor/github.com/pkg/errors/stack.go
[36m2018-06-06 10:52:42.480 UTC [msp/identity] Sign -> DEBU 0aa[0m Sign: plaintext: 0AEB090A5C08031A0C08FAF9DED80510...8CCFFF0F0000FFFF804F00E800600400 
[36m2018-06-06 10:52:42.480 UTC [msp/identity] Sign -> DEBU 0ab[0m Sign: digest: 58E72FE2EA0265B09BF08623A2EF01F9EE91156DC890E861E3312F520B1C53F2 
[36m2018-06-06 10:52:42.514 UTC [chaincodeCmd] install -> DEBU 0ac[0m Installed remotely response:<status:200 payload:"OK" > 
2018-06-06 10:52:42.514 UTC [main] main -> INFO 0ad[0m Exiting.....
Installing chaincode on peer1-org-weihai ...
[33m2018-06-06 10:52:42.561 UTC [msp] getPemMaterialFromDir -> WARN 001[0m Failed reading file /data/orgs/org-weihai/admin/msp/intermediatecerts/ca-org-weihai-7054.pem: no pem content for file /data/orgs/org-weihai/admin/msp/intermediatecerts/ca-org-weihai-7054.pem
[36m2018-06-06 10:52:42.593 UTC [msp] GetLocalMSP -> DEBU 002[0m Returning existing local MSP
[36m2018-06-06 10:52:42.593 UTC [msp] GetDefaultSigningIdentity -> DEBU 003[0m Obtaining default signing identity
2018-06-06 10:52:42.593 UTC [chaincodeCmd] checkChaincodeCmdParams -> INFO 004[0m Using default escc
2018-06-06 10:52:42.594 UTC [chaincodeCmd] checkChaincodeCmdParams -> INFO 005[0m Using default vscc
[36m2018-06-06 10:52:42.594 UTC [chaincodeCmd] getChaincodeSpec -> DEBU 006[0m java chaincode disabled
[36m2018-06-06 10:52:42.637 UTC [golang-platform] getCodeFromFS -> DEBU 007[0m getCodeFromFS github.com/hyperledger/fabric-samples/chaincode/abac/go
[36m2018-06-06 10:52:42.928 UTC [golang-platform] func1 -> DEBU 008[0m Discarding GOROOT package fmt
[36m2018-06-06 10:52:42.928 UTC [golang-platform] func1 -> DEBU 009[0m Accepting import: github.com/hyperledger/fabric-samples/chaincode/abac/go/vendor/github.com/hyperledger/fabric/core/chaincode/lib/cid
[36m2018-06-06 10:52:42.928 UTC [golang-platform] func1 -> DEBU 00a[0m Discarding provided package github.com/hyperledger/fabric/core/chaincode/shim
[36m2018-06-06 10:52:42.928 UTC [golang-platform] func1 -> DEBU 00b[0m Discarding provided package github.com/hyperledger/fabric/protos/peer
[36m2018-06-06 10:52:42.930 UTC [golang-platform] func1 -> DEBU 00c[0m Discarding GOROOT package strconv
[36m2018-06-06 10:52:43.110 UTC [golang-platform] func1 -> DEBU 00d[0m skipping dir: /opt/gopath/src/github.com/hyperledger/fabric-samples/chaincode/abac/go/vendor
[36m2018-06-06 10:52:43.110 UTC [golang-platform] GetDeploymentPayload -> DEBU 00e[0m processing dep: crypto/rand
[36m2018-06-06 10:52:43.110 UTC [golang-platform] GetDeploymentPayload -> DEBU 00f[0m checking: /opt/gopath/src/crypto/rand exists: false
[36m2018-06-06 10:52:43.111 UTC [golang-platform] GetDeploymentPayload -> DEBU 010[0m processing dep: crypto/sha1
[36m2018-06-06 10:52:43.111 UTC [golang-platform] GetDeploymentPayload -> DEBU 011[0m checking: /opt/gopath/src/crypto/sha1 exists: false
[36m2018-06-06 10:52:43.111 UTC [golang-platform] GetDeploymentPayload -> DEBU 012[0m processing dep: crypto/subtle
[36m2018-06-06 10:52:43.112 UTC [golang-platform] GetDeploymentPayload -> DEBU 013[0m checking: /opt/gopath/src/crypto/subtle exists: false
[36m2018-06-06 10:52:43.113 UTC [golang-platform] GetDeploymentPayload -> DEBU 014[0m processing dep: fmt
[36m2018-06-06 10:52:43.113 UTC [golang-platform] GetDeploymentPayload -> DEBU 015[0m checking: /opt/gopath/src/fmt exists: false
[36m2018-06-06 10:52:43.113 UTC [golang-platform] GetDeploymentPayload -> DEBU 016[0m processing dep: crypto
[36m2018-06-06 10:52:43.113 UTC [golang-platform] GetDeploymentPayload -> DEBU 017[0m checking: /opt/gopath/src/crypto exists: false
[36m2018-06-06 10:52:43.114 UTC [golang-platform] GetDeploymentPayload -> DEBU 018[0m processing dep: runtime/cgo
[36m2018-06-06 10:52:43.114 UTC [golang-platform] GetDeploymentPayload -> DEBU 019[0m checking: /opt/gopath/src/runtime/cgo exists: false
[36m2018-06-06 10:52:43.114 UTC [golang-platform] GetDeploymentPayload -> DEBU 01a[0m processing dep: sync/atomic
[36m2018-06-06 10:52:43.115 UTC [golang-platform] GetDeploymentPayload -> DEBU 01b[0m checking: /opt/gopath/src/sync/atomic exists: false
[36m2018-06-06 10:52:43.115 UTC [golang-platform] GetDeploymentPayload -> DEBU 01c[0m processing dep: crypto/des
[36m2018-06-06 10:52:43.116 UTC [golang-platform] GetDeploymentPayload -> DEBU 01d[0m checking: /opt/gopath/src/crypto/des exists: false
[36m2018-06-06 10:52:43.116 UTC [golang-platform] GetDeploymentPayload -> DEBU 01e[0m processing dep: github.com/hyperledger/fabric-samples/chaincode/abac/go/vendor/github.com/pkg/errors
[36m2018-06-06 10:52:43.117 UTC [golang-platform] GetDeploymentPayload -> DEBU 01f[0m checking: /opt/gopath/src/github.com/hyperledger/fabric-samples/chaincode/abac/go/vendor/github.com/pkg/errors exists: true
[36m2018-06-06 10:52:43.121 UTC [golang-platform] GetDeploymentPayload -> DEBU 020[0m processing dep: hash
[36m2018-06-06 10:52:43.121 UTC [golang-platform] GetDeploymentPayload -> DEBU 021[0m checking: /opt/gopath/src/hash exists: false
[36m2018-06-06 10:52:43.121 UTC [golang-platform] GetDeploymentPayload -> DEBU 022[0m processing dep: internal/syscall/unix
[36m2018-06-06 10:52:43.121 UTC [golang-platform] GetDeploymentPayload -> DEBU 023[0m checking: /opt/gopath/src/internal/syscall/unix exists: false
[36m2018-06-06 10:52:43.121 UTC [golang-platform] GetDeploymentPayload -> DEBU 024[0m processing dep: crypto/md5
[36m2018-06-06 10:52:43.122 UTC [golang-platform] GetDeploymentPayload -> DEBU 025[0m checking: /opt/gopath/src/crypto/md5 exists: false
[36m2018-06-06 10:52:43.122 UTC [golang-platform] GetDeploymentPayload -> DEBU 026[0m processing dep: crypto/rsa
[36m2018-06-06 10:52:43.122 UTC [golang-platform] GetDeploymentPayload -> DEBU 027[0m checking: /opt/gopath/src/crypto/rsa exists: false
[36m2018-06-06 10:52:43.123 UTC [golang-platform] GetDeploymentPayload -> DEBU 028[0m processing dep: github.com/hyperledger/fabric/protos/msp
[36m2018-06-06 10:52:43.123 UTC [golang-platform] GetDeploymentPayload -> DEBU 029[0m checking: /opt/gopath/src/github.com/hyperledger/fabric/protos/msp exists: false
[36m2018-06-06 10:52:43.123 UTC [golang-platform] GetDeploymentPayload -> DEBU 02a[0m processing dep: syscall
[36m2018-06-06 10:52:43.123 UTC [golang-platform] GetDeploymentPayload -> DEBU 02b[0m checking: /opt/gopath/src/syscall exists: false
[36m2018-06-06 10:52:43.123 UTC [golang-platform] GetDeploymentPayload -> DEBU 02c[0m processing dep: crypto/aes
[36m2018-06-06 10:52:43.123 UTC [golang-platform] GetDeploymentPayload -> DEBU 02d[0m checking: /opt/gopath/src/crypto/aes exists: false
[36m2018-06-06 10:52:43.123 UTC [golang-platform] GetDeploymentPayload -> DEBU 02e[0m processing dep: github.com/hyperledger/fabric-samples/chaincode/abac/go/vendor/github.com/golang/protobuf/proto
[36m2018-06-06 10:52:43.126 UTC [golang-platform] GetDeploymentPayload -> DEBU 02f[0m checking: /opt/gopath/src/github.com/hyperledger/fabric-samples/chaincode/abac/go/vendor/github.com/golang/protobuf/proto exists: true
[36m2018-06-06 10:52:43.135 UTC [golang-platform] GetDeploymentPayload -> DEBU 030[0m processing dep: github.com/hyperledger/fabric-samples/chaincode/abac/go/vendor/github.com/hyperledger/fabric/common/attrmgr
[36m2018-06-06 10:52:43.137 UTC [golang-platform] GetDeploymentPayload -> DEBU 031[0m checking: /opt/gopath/src/github.com/hyperledger/fabric-samples/chaincode/abac/go/vendor/github.com/hyperledger/fabric/common/attrmgr exists: true
[36m2018-06-06 10:52:43.138 UTC [golang-platform] GetDeploymentPayload -> DEBU 032[0m processing dep: path
[36m2018-06-06 10:52:43.138 UTC [golang-platform] GetDeploymentPayload -> DEBU 033[0m checking: /opt/gopath/src/path exists: false
[36m2018-06-06 10:52:43.138 UTC [golang-platform] GetDeploymentPayload -> DEBU 034[0m processing dep: bytes
[36m2018-06-06 10:52:43.139 UTC [golang-platform] GetDeploymentPayload -> DEBU 035[0m checking: /opt/gopath/src/bytes exists: false
[36m2018-06-06 10:52:43.139 UTC [golang-platform] GetDeploymentPayload -> DEBU 036[0m processing dep: context
[36m2018-06-06 10:52:43.139 UTC [golang-platform] GetDeploymentPayload -> DEBU 037[0m checking: /opt/gopath/src/context exists: false
[36m2018-06-06 10:52:43.140 UTC [golang-platform] GetDeploymentPayload -> DEBU 038[0m processing dep: encoding/base64
[36m2018-06-06 10:52:43.140 UTC [golang-platform] GetDeploymentPayload -> DEBU 039[0m checking: /opt/gopath/src/encoding/base64 exists: false
[36m2018-06-06 10:52:43.140 UTC [golang-platform] GetDeploymentPayload -> DEBU 03a[0m processing dep: encoding/json
[36m2018-06-06 10:52:43.140 UTC [golang-platform] GetDeploymentPayload -> DEBU 03b[0m checking: /opt/gopath/src/encoding/json exists: false
[36m2018-06-06 10:52:43.140 UTC [golang-platform] GetDeploymentPayload -> DEBU 03c[0m processing dep: internal/cpu
[36m2018-06-06 10:52:43.141 UTC [golang-platform] GetDeploymentPayload -> DEBU 03d[0m checking: /opt/gopath/src/internal/cpu exists: false
[36m2018-06-06 10:52:43.141 UTC [golang-platform] GetDeploymentPayload -> DEBU 03e[0m processing dep: io
[36m2018-06-06 10:52:43.141 UTC [golang-platform] GetDeploymentPayload -> DEBU 03f[0m checking: /opt/gopath/src/io exists: false
[36m2018-06-06 10:52:43.141 UTC [golang-platform] GetDeploymentPayload -> DEBU 040[0m processing dep: math
[36m2018-06-06 10:52:43.141 UTC [golang-platform] GetDeploymentPayload -> DEBU 041[0m checking: /opt/gopath/src/math exists: false
[36m2018-06-06 10:52:43.141 UTC [golang-platform] GetDeploymentPayload -> DEBU 042[0m processing dep: sync
[36m2018-06-06 10:52:43.141 UTC [golang-platform] GetDeploymentPayload -> DEBU 043[0m checking: /opt/gopath/src/sync exists: false
[36m2018-06-06 10:52:43.141 UTC [golang-platform] GetDeploymentPayload -> DEBU 044[0m processing dep: bufio
[36m2018-06-06 10:52:43.142 UTC [golang-platform] GetDeploymentPayload -> DEBU 045[0m checking: /opt/gopath/src/bufio exists: false
[36m2018-06-06 10:52:43.142 UTC [golang-platform] GetDeploymentPayload -> DEBU 046[0m processing dep: io/ioutil
[36m2018-06-06 10:52:43.142 UTC [golang-platform] GetDeploymentPayload -> DEBU 047[0m checking: /opt/gopath/src/io/ioutil exists: false
[36m2018-06-06 10:52:43.142 UTC [golang-platform] GetDeploymentPayload -> DEBU 048[0m processing dep: log
[36m2018-06-06 10:52:43.143 UTC [golang-platform] GetDeploymentPayload -> DEBU 049[0m checking: /opt/gopath/src/log exists: false
[36m2018-06-06 10:52:43.143 UTC [golang-platform] GetDeploymentPayload -> DEBU 04a[0m processing dep: strconv
[36m2018-06-06 10:52:43.143 UTC [golang-platform] GetDeploymentPayload -> DEBU 04b[0m checking: /opt/gopath/src/strconv exists: false
[36m2018-06-06 10:52:43.143 UTC [golang-platform] GetDeploymentPayload -> DEBU 04c[0m processing dep: crypto/elliptic
[36m2018-06-06 10:52:43.143 UTC [golang-platform] GetDeploymentPayload -> DEBU 04d[0m checking: /opt/gopath/src/crypto/elliptic exists: false
[36m2018-06-06 10:52:43.143 UTC [golang-platform] GetDeploymentPayload -> DEBU 04e[0m processing dep: unsafe
[36m2018-06-06 10:52:43.144 UTC [golang-platform] GetDeploymentPayload -> DEBU 04f[0m checking: /opt/gopath/src/unsafe exists: false
[36m2018-06-06 10:52:43.144 UTC [golang-platform] GetDeploymentPayload -> DEBU 050[0m processing dep: encoding/hex
[36m2018-06-06 10:52:43.144 UTC [golang-platform] GetDeploymentPayload -> DEBU 051[0m checking: /opt/gopath/src/encoding/hex exists: false
[36m2018-06-06 10:52:43.144 UTC [golang-platform] GetDeploymentPayload -> DEBU 052[0m processing dep: internal/nettrace
[36m2018-06-06 10:52:43.144 UTC [golang-platform] GetDeploymentPayload -> DEBU 053[0m checking: /opt/gopath/src/internal/nettrace exists: false
[36m2018-06-06 10:52:43.144 UTC [golang-platform] GetDeploymentPayload -> DEBU 054[0m processing dep: math/bits
[36m2018-06-06 10:52:43.145 UTC [golang-platform] GetDeploymentPayload -> DEBU 055[0m checking: /opt/gopath/src/math/bits exists: false
[36m2018-06-06 10:52:43.145 UTC [golang-platform] GetDeploymentPayload -> DEBU 056[0m processing dep: runtime/internal/atomic
[36m2018-06-06 10:52:43.145 UTC [golang-platform] GetDeploymentPayload -> DEBU 057[0m checking: /opt/gopath/src/runtime/internal/atomic exists: false
[36m2018-06-06 10:52:43.145 UTC [golang-platform] GetDeploymentPayload -> DEBU 058[0m processing dep: crypto/cipher
[36m2018-06-06 10:52:43.145 UTC [golang-platform] GetDeploymentPayload -> DEBU 059[0m checking: /opt/gopath/src/crypto/cipher exists: false
[36m2018-06-06 10:52:43.145 UTC [golang-platform] GetDeploymentPayload -> DEBU 05a[0m processing dep: crypto/sha512
[36m2018-06-06 10:52:43.145 UTC [golang-platform] GetDeploymentPayload -> DEBU 05b[0m checking: /opt/gopath/src/crypto/sha512 exists: false
[36m2018-06-06 10:52:43.145 UTC [golang-platform] GetDeploymentPayload -> DEBU 05c[0m processing dep: encoding
[36m2018-06-06 10:52:43.145 UTC [golang-platform] GetDeploymentPayload -> DEBU 05d[0m checking: /opt/gopath/src/encoding exists: false
[36m2018-06-06 10:52:43.145 UTC [golang-platform] GetDeploymentPayload -> DEBU 05e[0m processing dep: math/rand
[36m2018-06-06 10:52:43.145 UTC [golang-platform] GetDeploymentPayload -> DEBU 05f[0m checking: /opt/gopath/src/math/rand exists: false
[36m2018-06-06 10:52:43.145 UTC [golang-platform] GetDeploymentPayload -> DEBU 060[0m processing dep: sort
[36m2018-06-06 10:52:43.145 UTC [golang-platform] GetDeploymentPayload -> DEBU 061[0m checking: /opt/gopath/src/sort exists: false
[36m2018-06-06 10:52:43.145 UTC [golang-platform] GetDeploymentPayload -> DEBU 062[0m processing dep: crypto/ecdsa
[36m2018-06-06 10:52:43.145 UTC [golang-platform] GetDeploymentPayload -> DEBU 063[0m checking: /opt/gopath/src/crypto/ecdsa exists: false
[36m2018-06-06 10:52:43.146 UTC [golang-platform] GetDeploymentPayload -> DEBU 064[0m processing dep: path/filepath
[36m2018-06-06 10:52:43.146 UTC [golang-platform] GetDeploymentPayload -> DEBU 065[0m checking: /opt/gopath/src/path/filepath exists: false
[36m2018-06-06 10:52:43.146 UTC [golang-platform] GetDeploymentPayload -> DEBU 066[0m processing dep: unicode
[36m2018-06-06 10:52:43.146 UTC [golang-platform] GetDeploymentPayload -> DEBU 067[0m checking: /opt/gopath/src/unicode exists: false
[36m2018-06-06 10:52:43.146 UTC [golang-platform] GetDeploymentPayload -> DEBU 068[0m processing dep: runtime/internal/sys
[36m2018-06-06 10:52:43.146 UTC [golang-platform] GetDeploymentPayload -> DEBU 069[0m checking: /opt/gopath/src/runtime/internal/sys exists: false
[36m2018-06-06 10:52:43.146 UTC [golang-platform] GetDeploymentPayload -> DEBU 06a[0m processing dep: github.com/hyperledger/fabric-samples/chaincode/abac/go/vendor/github.com/hyperledger/fabric/core/chaincode/lib/cid
[36m2018-06-06 10:52:43.150 UTC [golang-platform] GetDeploymentPayload -> DEBU 06b[0m checking: /opt/gopath/src/github.com/hyperledger/fabric-samples/chaincode/abac/go/vendor/github.com/hyperledger/fabric/core/chaincode/lib/cid exists: true
[36m2018-06-06 10:52:43.154 UTC [golang-platform] GetDeploymentPayload -> DEBU 06c[0m processing dep: crypto/dsa
[36m2018-06-06 10:52:43.154 UTC [golang-platform] GetDeploymentPayload -> DEBU 06d[0m checking: /opt/gopath/src/crypto/dsa exists: false
[36m2018-06-06 10:52:43.154 UTC [golang-platform] GetDeploymentPayload -> DEBU 06e[0m processing dep: encoding/pem
[36m2018-06-06 10:52:43.154 UTC [golang-platform] GetDeploymentPayload -> DEBU 06f[0m checking: /opt/gopath/src/encoding/pem exists: false
[36m2018-06-06 10:52:43.154 UTC [golang-platform] GetDeploymentPayload -> DEBU 070[0m processing dep: errors
[36m2018-06-06 10:52:43.154 UTC [golang-platform] GetDeploymentPayload -> DEBU 071[0m checking: /opt/gopath/src/errors exists: false
[36m2018-06-06 10:52:43.154 UTC [golang-platform] GetDeploymentPayload -> DEBU 072[0m processing dep: internal/poll
[36m2018-06-06 10:52:43.154 UTC [golang-platform] GetDeploymentPayload -> DEBU 073[0m checking: /opt/gopath/src/internal/poll exists: false
[36m2018-06-06 10:52:43.154 UTC [golang-platform] GetDeploymentPayload -> DEBU 074[0m processing dep: internal/singleflight
[36m2018-06-06 10:52:43.154 UTC [golang-platform] GetDeploymentPayload -> DEBU 075[0m checking: /opt/gopath/src/internal/singleflight exists: false
[36m2018-06-06 10:52:43.154 UTC [golang-platform] GetDeploymentPayload -> DEBU 076[0m processing dep: runtime
[36m2018-06-06 10:52:43.154 UTC [golang-platform] GetDeploymentPayload -> DEBU 077[0m checking: /opt/gopath/src/runtime exists: false
[36m2018-06-06 10:52:43.155 UTC [golang-platform] GetDeploymentPayload -> DEBU 078[0m processing dep: strings
[36m2018-06-06 10:52:43.155 UTC [golang-platform] GetDeploymentPayload -> DEBU 079[0m checking: /opt/gopath/src/strings exists: false
[36m2018-06-06 10:52:43.155 UTC [golang-platform] GetDeploymentPayload -> DEBU 07a[0m processing dep: unicode/utf16
[36m2018-06-06 10:52:43.155 UTC [golang-platform] GetDeploymentPayload -> DEBU 07b[0m checking: /opt/gopath/src/unicode/utf16 exists: false
[36m2018-06-06 10:52:43.155 UTC [golang-platform] GetDeploymentPayload -> DEBU 07c[0m processing dep: crypto/x509
[36m2018-06-06 10:52:43.155 UTC [golang-platform] GetDeploymentPayload -> DEBU 07d[0m checking: /opt/gopath/src/crypto/x509 exists: false
[36m2018-06-06 10:52:43.155 UTC [golang-platform] GetDeploymentPayload -> DEBU 07e[0m processing dep: crypto/x509/pkix
[36m2018-06-06 10:52:43.155 UTC [golang-platform] GetDeploymentPayload -> DEBU 07f[0m checking: /opt/gopath/src/crypto/x509/pkix exists: false
[36m2018-06-06 10:52:43.155 UTC [golang-platform] GetDeploymentPayload -> DEBU 080[0m processing dep: encoding/binary
[36m2018-06-06 10:52:43.155 UTC [golang-platform] GetDeploymentPayload -> DEBU 081[0m checking: /opt/gopath/src/encoding/binary exists: false
[36m2018-06-06 10:52:43.156 UTC [golang-platform] GetDeploymentPayload -> DEBU 082[0m processing dep: math/big
[36m2018-06-06 10:52:43.156 UTC [golang-platform] GetDeploymentPayload -> DEBU 083[0m checking: /opt/gopath/src/math/big exists: false
[36m2018-06-06 10:52:43.156 UTC [golang-platform] GetDeploymentPayload -> DEBU 084[0m processing dep: os
[36m2018-06-06 10:52:43.156 UTC [golang-platform] GetDeploymentPayload -> DEBU 085[0m checking: /opt/gopath/src/os exists: false
[36m2018-06-06 10:52:43.156 UTC [golang-platform] GetDeploymentPayload -> DEBU 086[0m processing dep: crypto/sha256
[36m2018-06-06 10:52:43.157 UTC [golang-platform] GetDeploymentPayload -> DEBU 087[0m checking: /opt/gopath/src/crypto/sha256 exists: false
[36m2018-06-06 10:52:43.157 UTC [golang-platform] GetDeploymentPayload -> DEBU 088[0m processing dep: internal/race
[36m2018-06-06 10:52:43.158 UTC [golang-platform] GetDeploymentPayload -> DEBU 089[0m checking: /opt/gopath/src/internal/race exists: false
[36m2018-06-06 10:52:43.158 UTC [golang-platform] GetDeploymentPayload -> DEBU 08a[0m processing dep: reflect
[36m2018-06-06 10:52:43.158 UTC [golang-platform] GetDeploymentPayload -> DEBU 08b[0m checking: /opt/gopath/src/reflect exists: false
[36m2018-06-06 10:52:43.158 UTC [golang-platform] GetDeploymentPayload -> DEBU 08c[0m processing dep: unicode/utf8
[36m2018-06-06 10:52:43.158 UTC [golang-platform] GetDeploymentPayload -> DEBU 08d[0m checking: /opt/gopath/src/unicode/utf8 exists: false
[36m2018-06-06 10:52:43.158 UTC [golang-platform] GetDeploymentPayload -> DEBU 08e[0m processing dep: crypto/internal/cipherhw
[36m2018-06-06 10:52:43.158 UTC [golang-platform] GetDeploymentPayload -> DEBU 08f[0m checking: /opt/gopath/src/crypto/internal/cipherhw exists: false
[36m2018-06-06 10:52:43.159 UTC [golang-platform] GetDeploymentPayload -> DEBU 090[0m processing dep: encoding/asn1
[36m2018-06-06 10:52:43.159 UTC [golang-platform] GetDeploymentPayload -> DEBU 091[0m checking: /opt/gopath/src/encoding/asn1 exists: false
[36m2018-06-06 10:52:43.160 UTC [golang-platform] GetDeploymentPayload -> DEBU 092[0m processing dep: net
[36m2018-06-06 10:52:43.160 UTC [golang-platform] GetDeploymentPayload -> DEBU 093[0m checking: /opt/gopath/src/net exists: false
[36m2018-06-06 10:52:43.160 UTC [golang-platform] GetDeploymentPayload -> DEBU 094[0m processing dep: time
[36m2018-06-06 10:52:43.161 UTC [golang-platform] GetDeploymentPayload -> DEBU 095[0m checking: /opt/gopath/src/time exists: false
[36m2018-06-06 10:52:43.161 UTC [golang-platform] GetDeploymentPayload -> DEBU 096[0m done
[36m2018-06-06 10:52:43.161 UTC [container] WriteFileToPackage -> DEBU 097[0m Writing file to tarball: src/github.com/hyperledger/fabric-samples/chaincode/abac/go/abac.go
[36m2018-06-06 10:52:43.165 UTC [container] WriteFileToPackage -> DEBU 098[0m Writing file to tarball: src/github.com/hyperledger/fabric-samples/chaincode/abac/go/vendor/github.com/golang/protobuf/proto/clone.go
[36m2018-06-06 10:52:43.183 UTC [container] WriteFileToPackage -> DEBU 099[0m Writing file to tarball: src/github.com/hyperledger/fabric-samples/chaincode/abac/go/vendor/github.com/golang/protobuf/proto/decode.go
[36m2018-06-06 10:52:43.189 UTC [container] WriteFileToPackage -> DEBU 09a[0m Writing file to tarball: src/github.com/hyperledger/fabric-samples/chaincode/abac/go/vendor/github.com/golang/protobuf/proto/discard.go
[36m2018-06-06 10:52:43.198 UTC [container] WriteFileToPackage -> DEBU 09b[0m Writing file to tarball: src/github.com/hyperledger/fabric-samples/chaincode/abac/go/vendor/github.com/golang/protobuf/proto/encode.go
[36m2018-06-06 10:52:43.202 UTC [container] WriteFileToPackage -> DEBU 09c[0m Writing file to tarball: src/github.com/hyperledger/fabric-samples/chaincode/abac/go/vendor/github.com/golang/protobuf/proto/equal.go
[36m2018-06-06 10:52:43.210 UTC [container] WriteFileToPackage -> DEBU 09d[0m Writing file to tarball: src/github.com/hyperledger/fabric-samples/chaincode/abac/go/vendor/github.com/golang/protobuf/proto/extensions.go
[36m2018-06-06 10:52:43.216 UTC [container] WriteFileToPackage -> DEBU 09e[0m Writing file to tarball: src/github.com/hyperledger/fabric-samples/chaincode/abac/go/vendor/github.com/golang/protobuf/proto/lib.go
[36m2018-06-06 10:52:43.220 UTC [container] WriteFileToPackage -> DEBU 09f[0m Writing file to tarball: src/github.com/hyperledger/fabric-samples/chaincode/abac/go/vendor/github.com/golang/protobuf/proto/message_set.go
[36m2018-06-06 10:52:43.225 UTC [container] WriteFileToPackage -> DEBU 0a0[0m Writing file to tarball: src/github.com/hyperledger/fabric-samples/chaincode/abac/go/vendor/github.com/golang/protobuf/proto/pointer_reflect.go
[36m2018-06-06 10:52:43.228 UTC [container] WriteFileToPackage -> DEBU 0a1[0m Writing file to tarball: src/github.com/hyperledger/fabric-samples/chaincode/abac/go/vendor/github.com/golang/protobuf/proto/pointer_unsafe.go
[36m2018-06-06 10:52:43.231 UTC [container] WriteFileToPackage -> DEBU 0a2[0m Writing file to tarball: src/github.com/hyperledger/fabric-samples/chaincode/abac/go/vendor/github.com/golang/protobuf/proto/properties.go
[36m2018-06-06 10:52:43.235 UTC [container] WriteFileToPackage -> DEBU 0a3[0m Writing file to tarball: src/github.com/hyperledger/fabric-samples/chaincode/abac/go/vendor/github.com/golang/protobuf/proto/text.go
[36m2018-06-06 10:52:43.239 UTC [container] WriteFileToPackage -> DEBU 0a4[0m Writing file to tarball: src/github.com/hyperledger/fabric-samples/chaincode/abac/go/vendor/github.com/golang/protobuf/proto/text_parser.go
[36m2018-06-06 10:52:43.243 UTC [container] WriteFileToPackage -> DEBU 0a5[0m Writing file to tarball: src/github.com/hyperledger/fabric-samples/chaincode/abac/go/vendor/github.com/hyperledger/fabric/common/attrmgr/attrmgr.go
[36m2018-06-06 10:52:43.249 UTC [container] WriteFileToPackage -> DEBU 0a6[0m Writing file to tarball: src/github.com/hyperledger/fabric-samples/chaincode/abac/go/vendor/github.com/hyperledger/fabric/core/chaincode/lib/cid/cid.go
[36m2018-06-06 10:52:43.253 UTC [container] WriteFileToPackage -> DEBU 0a7[0m Writing file to tarball: src/github.com/hyperledger/fabric-samples/chaincode/abac/go/vendor/github.com/hyperledger/fabric/core/chaincode/lib/cid/interfaces.go
[36m2018-06-06 10:52:43.256 UTC [container] WriteFileToPackage -> DEBU 0a8[0m Writing file to tarball: src/github.com/hyperledger/fabric-samples/chaincode/abac/go/vendor/github.com/pkg/errors/errors.go
[36m2018-06-06 10:52:43.260 UTC [container] WriteFileToPackage -> DEBU 0a9[0m Writing file to tarball: src/github.com/hyperledger/fabric-samples/chaincode/abac/go/vendor/github.com/pkg/errors/stack.go
[36m2018-06-06 10:52:43.265 UTC [msp/identity] Sign -> DEBU 0aa[0m Sign: plaintext: 0AC9090A5B08031A0B08FBF9DED80510...8CCFFF0F0000FFFF804F00E800600400 
[36m2018-06-06 10:52:43.265 UTC [msp/identity] Sign -> DEBU 0ab[0m Sign: digest: 54BDC4645971FDEAE26C9465E3A508DEE3CB4A414C78B9AB31D4D0DA867F3EE5 
[36m2018-06-06 10:52:43.294 UTC [chaincodeCmd] install -> DEBU 0ac[0m Installed remotely response:<status:200 payload:"OK" > 
2018-06-06 10:52:43.294 UTC [main] main -> INFO 0ad[0m Exiting.....
Install chaincode on the 1st peers completed.......
Instantiate chaincode on the 1st peer of the 2nd org
policy: OR('org-rockontrolMSP.member','org-weihaiMSP.member')
Instantiating chaincode on peer1-org-weihai ...
[33m2018-06-06 10:52:43.344 UTC [msp] getPemMaterialFromDir -> WARN 001[0m Failed reading file /data/orgs/org-weihai/admin/msp/intermediatecerts/ca-org-weihai-7054.pem: no pem content for file /data/orgs/org-weihai/admin/msp/intermediatecerts/ca-org-weihai-7054.pem
[36m2018-06-06 10:52:43.376 UTC [msp] GetLocalMSP -> DEBU 002[0m Returning existing local MSP
[36m2018-06-06 10:52:43.377 UTC [msp] GetDefaultSigningIdentity -> DEBU 003[0m Obtaining default signing identity
2018-06-06 10:52:43.388 UTC [chaincodeCmd] checkChaincodeCmdParams -> INFO 004[0m Using default escc
2018-06-06 10:52:43.388 UTC [chaincodeCmd] checkChaincodeCmdParams -> INFO 005[0m Using default vscc
[36m2018-06-06 10:52:43.396 UTC [chaincodeCmd] getChaincodeSpec -> DEBU 006[0m java chaincode disabled
[36m2018-06-06 10:52:43.398 UTC [msp/identity] Sign -> DEBU 007[0m Sign: plaintext: 0AD5090A6708031A0C08FBF9DED80510...694D53500A04657363630A0476736363 
[36m2018-06-06 10:52:43.398 UTC [msp/identity] Sign -> DEBU 008[0m Sign: digest: 67CB34E3C856224E3759AD7C93321E8F74F3DA7064033BA68783F6427453B6DA 
[36m2018-06-06 10:53:41.048 UTC [msp/identity] Sign -> DEBU 009[0m Sign: plaintext: 0AD5090A6708031A0C08FBF9DED80510...B43376131D6E0D6CC01C9B41618E29E9 
[36m2018-06-06 10:53:41.055 UTC [msp/identity] Sign -> DEBU 00a[0m Sign: digest: 4519B7CDCE43EEC6C5819A97AA0D32A3D50C969BFDBDE736AE385D8B5340700E 
2018-06-06 10:53:41.147 UTC [main] main -> INFO 00b[0m Exiting.....
Instantiate chaincode on the 1st peer of the 2nd org completed.......
Tests did not complete successfully; see data/logs/run.log for more details
